# Logfile created on 2016-02-11 13:20:18 -0600 by logger.rb/47272
D, [2016-05-20T17:05:40.299788 #2733] DEBUG -- : DRAGONFLY: shell command: '/usr/bin/convert' '/home/cmo/cmo_birs/public/images/banner1.jpg' '-resize' '100x100' '/tmp/dragonfly20160520-2733-dlet7y.jpg'
I, [2016-05-20T17:05:40.961118 #2733]  INFO -- : DRAGONFLY: GET /steam/dynamic/W1siZmYiLCIvaG9tZS9jbW8vY21vX2JpcnMvcHVibGljL2ltYWdlcy9iYW5uZXIxLmpwZyJdLFsicCIsInRodW1iIiwiMTAweDEwMCJdXQ/07f352004e157b29/banner1.jpg 200
D, [2016-05-20T17:06:14.407148 #2733] DEBUG -- : DRAGONFLY: shell command: '/usr/bin/convert' '/home/cmo/cmo_birs/public/images/banner1.jpg' '-resize' '100x' '/tmp/dragonfly20160520-2733-1u905w4.jpg'
I, [2016-05-20T17:06:14.688776 #2733]  INFO -- : DRAGONFLY: GET /steam/dynamic/W1siZmYiLCIvaG9tZS9jbW8vY21vX2JpcnMvcHVibGljL2ltYWdlcy9iYW5uZXIxLmpwZyJdLFsicCIsInRodW1iIiwiMTAweCJdXQ/d8fcc10edea4a58f/banner1.jpg 200
I, [2016-05-20T17:07:48.459850 #2733]  INFO -- : DRAGONFLY: GET /steam/dynamic/W1siZmYiLCIvaG9tZS9jbW8vY21vX2JpcnMvcHVibGljL2ltYWdlcy9iYW5uZXIxLmpwZyJdLFsicCIsInRodW1iIiwiMTAweCJdXQ/d8fcc10edea4a58f/banner1.jpg 304
D, [2016-05-20T17:08:00.350882 #2733] DEBUG -- : DRAGONFLY: shell command: '/usr/bin/convert' '/home/cmo/cmo_birs/public/images/banner1.jpg' '-resize' '1000x1000' '/tmp/dragonfly20160520-2733-1ydzkjv.jpg'
I, [2016-05-20T17:08:01.088590 #2733]  INFO -- : DRAGONFLY: GET /steam/dynamic/W1siZmYiLCIvaG9tZS9jbW8vY21vX2JpcnMvcHVibGljL2ltYWdlcy9iYW5uZXIxLmpwZyJdLFsicCIsInRodW1iIiwiMTAwMHgxMDAwIl1d/e1f2e547c04520db/banner1.jpg 200
D, [2016-05-20T17:08:15.410094 #2733] DEBUG -- : DRAGONFLY: shell command: '/usr/bin/convert' '/home/cmo/cmo_birs/public/images/banner1.jpg' '-resize' '2000x2000' '/tmp/dragonfly20160520-2733-1wq75lc.jpg'
I, [2016-05-20T17:08:16.548609 #2733]  INFO -- : DRAGONFLY: GET /steam/dynamic/W1siZmYiLCIvaG9tZS9jbW8vY21vX2JpcnMvcHVibGljL2ltYWdlcy9iYW5uZXIxLmpwZyJdLFsicCIsInRodW1iIiwiMjAwMHgyMDAwIl1d/991ebea67b9efcda/banner1.jpg 200
D, [2016-05-20T17:08:44.141367 #2733] DEBUG -- : DRAGONFLY: shell command: '/usr/bin/convert' '/home/cmo/cmo_birs/public/images/banner1.jpg' '-resize' '1500x' '/tmp/dragonfly20160520-2733-exudx2.jpg'
I, [2016-05-20T17:08:44.860277 #2733]  INFO -- : DRAGONFLY: GET /steam/dynamic/W1siZmYiLCIvaG9tZS9jbW8vY21vX2JpcnMvcHVibGljL2ltYWdlcy9iYW5uZXIxLmpwZyJdLFsicCIsInRodW1iIiwiMTUwMHgiXV0/c6b3c32b75d24818/banner1.jpg 200
D, [2016-05-20T17:09:00.540566 #2733] DEBUG -- : DRAGONFLY: shell command: '/usr/bin/convert' '/home/cmo/cmo_birs/public/images/banner1.jpg' '-resize' '1500x1200' '/tmp/dragonfly20160520-2733-14lgu13.jpg'
I, [2016-05-20T17:09:01.225688 #2733]  INFO -- : DRAGONFLY: GET /steam/dynamic/W1siZmYiLCIvaG9tZS9jbW8vY21vX2JpcnMvcHVibGljL2ltYWdlcy9iYW5uZXIxLmpwZyJdLFsicCIsInRodW1iIiwiMTUwMHgxMjAwIl1d/2f07f7a32e6868f6/banner1.jpg 200
I, [2016-05-20T17:09:07.204545 #2733]  INFO -- : DRAGONFLY: GET /steam/dynamic/W1siZmYiLCIvaG9tZS9jbW8vY21vX2JpcnMvcHVibGljL2ltYWdlcy9iYW5uZXIxLmpwZyJdLFsicCIsInRodW1iIiwiMTUwMHgxMjAwIl1d/2f07f7a32e6868f6/banner1.jpg 304
D, [2016-05-20T17:09:25.732150 #2733] DEBUG -- : DRAGONFLY: shell command: '/usr/bin/convert' '/home/cmo/cmo_birs/public/images/banner1.jpg' '-resize' '1300x1200' '/tmp/dragonfly20160520-2733-1v0uw3s.jpg'
I, [2016-05-20T17:09:26.278694 #2733]  INFO -- : DRAGONFLY: GET /steam/dynamic/W1siZmYiLCIvaG9tZS9jbW8vY21vX2JpcnMvcHVibGljL2ltYWdlcy9iYW5uZXIxLmpwZyJdLFsicCIsInRodW1iIiwiMTMwMHgxMjAwIl1d/eeeeded1df69af51/banner1.jpg 200
D, [2016-05-20T17:09:55.210931 #2733] DEBUG -- : DRAGONFLY: shell command: '/usr/bin/convert' '/home/cmo/cmo_birs/public/images/banner1.jpg' '-resize' '1150x1100' '/tmp/dragonfly20160520-2733-yyesqo.jpg'
I, [2016-05-20T17:09:55.713001 #2733]  INFO -- : DRAGONFLY: GET /steam/dynamic/W1siZmYiLCIvaG9tZS9jbW8vY21vX2JpcnMvcHVibGljL2ltYWdlcy9iYW5uZXIxLmpwZyJdLFsicCIsInRodW1iIiwiMTE1MHgxMTAwIl1d/ab74227726e8d4df/banner1.jpg 200
D, [2016-05-20T17:10:11.222868 #2733] DEBUG -- : DRAGONFLY: shell command: '/usr/bin/convert' '/home/cmo/cmo_birs/public/images/banner1.jpg' '-resize' '1150x1080' '/tmp/dragonfly20160520-2733-1ybekwk.jpg'
I, [2016-05-20T17:10:11.830106 #2733]  INFO -- : DRAGONFLY: GET /steam/dynamic/W1siZmYiLCIvaG9tZS9jbW8vY21vX2JpcnMvcHVibGljL2ltYWdlcy9iYW5uZXIxLmpwZyJdLFsicCIsInRodW1iIiwiMTE1MHgxMDgwIl1d/93d2657c5e65ee2b/banner1.jpg 200
D, [2016-05-20T17:10:23.078680 #2733] DEBUG -- : DRAGONFLY: shell command: '/usr/bin/convert' '/home/cmo/cmo_birs/public/images/banner1.jpg' '-resize' '1140x1080' '/tmp/dragonfly20160520-2733-1w2j7jj.jpg'
I, [2016-05-20T17:10:23.579923 #2733]  INFO -- : DRAGONFLY: GET /steam/dynamic/W1siZmYiLCIvaG9tZS9jbW8vY21vX2JpcnMvcHVibGljL2ltYWdlcy9iYW5uZXIxLmpwZyJdLFsicCIsInRodW1iIiwiMTE0MHgxMDgwIl1d/253116d147cb3434/banner1.jpg 200
D, [2016-05-20T17:11:15.862267 #2733] DEBUG -- : DRAGONFLY: shell command: '/usr/bin/convert' '/home/cmo/cmo_birs/public/images/banner2.jpg' '-resize' '1140x1080' '/tmp/dragonfly20160520-2733-1dlqa8e.jpg'
D, [2016-05-20T17:11:15.866350 #2733] DEBUG -- : DRAGONFLY: shell command: '/usr/bin/convert' '/home/cmo/cmo_birs/public/images/banner3.jpg' '-resize' '1140x1080' '/tmp/dragonfly20160520-2733-a5n3o1.jpg'
D, [2016-05-20T17:11:15.884759 #2733] DEBUG -- : DRAGONFLY: shell command: '/usr/bin/convert' '/home/cmo/cmo_birs/public/images/banner.jpg' '-resize' '1140x1080' '/tmp/dragonfly20160520-2733-zyreew.jpg'
D, [2016-05-20T17:11:15.897022 #2733] DEBUG -- : DRAGONFLY: shell command: '/usr/bin/convert' '/home/cmo/cmo_birs/public/images/banner4.jpg' '-resize' '1140x1080' '/tmp/dragonfly20160520-2733-85zoiv.jpg'
I, [2016-05-20T17:11:16.213727 #2733]  INFO -- : DRAGONFLY: GET /steam/dynamic/W1siZmYiLCIvaG9tZS9jbW8vY21vX2JpcnMvcHVibGljL2ltYWdlcy9iYW5uZXIxLmpwZyJdLFsicCIsInRodW1iIiwiMTE0MHgxMDgwIl1d/253116d147cb3434/banner1.jpg 304
I, [2016-05-20T17:11:17.561096 #2733]  INFO -- : DRAGONFLY: GET /steam/dynamic/W1siZmYiLCIvaG9tZS9jbW8vY21vX2JpcnMvcHVibGljL2ltYWdlcy9iYW5uZXI0LmpwZyJdLFsicCIsInRodW1iIiwiMTE0MHgxMDgwIl1d/b0558ff2befcc02b/banner4.jpg 200
I, [2016-05-20T17:11:17.744109 #2733]  INFO -- : DRAGONFLY: GET /steam/dynamic/W1siZmYiLCIvaG9tZS9jbW8vY21vX2JpcnMvcHVibGljL2ltYWdlcy9iYW5uZXIyLmpwZyJdLFsicCIsInRodW1iIiwiMTE0MHgxMDgwIl1d/cfccc56f5bfa3e06/banner2.jpg 200
I, [2016-05-20T17:11:17.762920 #2733]  INFO -- : DRAGONFLY: GET /steam/dynamic/W1siZmYiLCIvaG9tZS9jbW8vY21vX2JpcnMvcHVibGljL2ltYWdlcy9iYW5uZXIzLmpwZyJdLFsicCIsInRodW1iIiwiMTE0MHgxMDgwIl1d/a5caa6a293747d3a/banner3.jpg 200
I, [2016-05-20T17:11:17.793638 #2733]  INFO -- : DRAGONFLY: GET /steam/dynamic/W1siZmYiLCIvaG9tZS9jbW8vY21vX2JpcnMvcHVibGljL2ltYWdlcy9iYW5uZXIuanBnIl0sWyJwIiwidGh1bWIiLCIxMTQweDEwODAiXV0/4adca55cca47d4b0/banner.jpg 200
I, [2016-05-20T17:13:50.167461 #2733]  INFO -- : DRAGONFLY: GET /steam/dynamic/W1siZmYiLCIvaG9tZS9jbW8vY21vX2JpcnMvcHVibGljL2ltYWdlcy9iYW5uZXIxLmpwZyJdLFsicCIsInRodW1iIiwiMTE0MHgxMDgwIl1d/253116d147cb3434/banner1.jpg 304
I, [2016-05-20T17:13:50.173584 #2733]  INFO -- : DRAGONFLY: GET /steam/dynamic/W1siZmYiLCIvaG9tZS9jbW8vY21vX2JpcnMvcHVibGljL2ltYWdlcy9iYW5uZXIyLmpwZyJdLFsicCIsInRodW1iIiwiMTE0MHgxMDgwIl1d/cfccc56f5bfa3e06/banner2.jpg 304
I, [2016-05-20T17:13:50.254125 #2733]  INFO -- : DRAGONFLY: GET /steam/dynamic/W1siZmYiLCIvaG9tZS9jbW8vY21vX2JpcnMvcHVibGljL2ltYWdlcy9iYW5uZXIzLmpwZyJdLFsicCIsInRodW1iIiwiMTE0MHgxMDgwIl1d/a5caa6a293747d3a/banner3.jpg 304
I, [2016-05-20T17:13:50.255623 #2733]  INFO -- : DRAGONFLY: GET /steam/dynamic/W1siZmYiLCIvaG9tZS9jbW8vY21vX2JpcnMvcHVibGljL2ltYWdlcy9iYW5uZXIuanBnIl0sWyJwIiwidGh1bWIiLCIxMTQweDEwODAiXV0/4adca55cca47d4b0/banner.jpg 304
I, [2016-05-20T17:13:50.257521 #2733]  INFO -- : DRAGONFLY: GET /steam/dynamic/W1siZmYiLCIvaG9tZS9jbW8vY21vX2JpcnMvcHVibGljL2ltYWdlcy9iYW5uZXI0LmpwZyJdLFsicCIsInRodW1iIiwiMTE0MHgxMDgwIl1d/b0558ff2befcc02b/banner4.jpg 304
I, [2016-05-20T17:19:57.582985 #2733]  INFO -- : DRAGONFLY: GET /steam/dynamic/W1siZmYiLCIvaG9tZS9jbW8vY21vX2JpcnMvcHVibGljL2ltYWdlcy9iYW5uZXIxLmpwZyJdLFsicCIsInRodW1iIiwiMTE0MHgxMDgwIl1d/253116d147cb3434/banner1.jpg 304
I, [2016-05-20T17:19:57.594286 #2733]  INFO -- : DRAGONFLY: GET /steam/dynamic/W1siZmYiLCIvaG9tZS9jbW8vY21vX2JpcnMvcHVibGljL2ltYWdlcy9iYW5uZXIyLmpwZyJdLFsicCIsInRodW1iIiwiMTE0MHgxMDgwIl1d/cfccc56f5bfa3e06/banner2.jpg 304
I, [2016-05-20T17:19:57.598600 #2733]  INFO -- : DRAGONFLY: GET /steam/dynamic/W1siZmYiLCIvaG9tZS9jbW8vY21vX2JpcnMvcHVibGljL2ltYWdlcy9iYW5uZXIzLmpwZyJdLFsicCIsInRodW1iIiwiMTE0MHgxMDgwIl1d/a5caa6a293747d3a/banner3.jpg 304
I, [2016-05-20T17:19:57.611470 #2733]  INFO -- : DRAGONFLY: GET /steam/dynamic/W1siZmYiLCIvaG9tZS9jbW8vY21vX2JpcnMvcHVibGljL2ltYWdlcy9iYW5uZXIuanBnIl0sWyJwIiwidGh1bWIiLCIxMTQweDEwODAiXV0/4adca55cca47d4b0/banner.jpg 304
I, [2016-05-20T17:19:57.634547 #2733]  INFO -- : DRAGONFLY: GET /steam/dynamic/W1siZmYiLCIvaG9tZS9jbW8vY21vX2JpcnMvcHVibGljL2ltYWdlcy9iYW5uZXI0LmpwZyJdLFsicCIsInRodW1iIiwiMTE0MHgxMDgwIl1d/b0558ff2befcc02b/banner4.jpg 304
I, [2016-05-20T17:20:55.730497 #2733]  INFO -- : DRAGONFLY: GET /steam/dynamic/W1siZmYiLCIvaG9tZS9jbW8vY21vX2JpcnMvcHVibGljL2ltYWdlcy9iYW5uZXIxLmpwZyJdLFsicCIsInRodW1iIiwiMTE0MHgxMDgwIl1d/253116d147cb3434/banner1.jpg 304
I, [2016-05-20T17:20:55.764890 #2733]  INFO -- : DRAGONFLY: GET /steam/dynamic/W1siZmYiLCIvaG9tZS9jbW8vY21vX2JpcnMvcHVibGljL2ltYWdlcy9iYW5uZXIyLmpwZyJdLFsicCIsInRodW1iIiwiMTE0MHgxMDgwIl1d/cfccc56f5bfa3e06/banner2.jpg 304
I, [2016-05-20T17:20:55.769545 #2733]  INFO -- : DRAGONFLY: GET /steam/dynamic/W1siZmYiLCIvaG9tZS9jbW8vY21vX2JpcnMvcHVibGljL2ltYWdlcy9iYW5uZXI0LmpwZyJdLFsicCIsInRodW1iIiwiMTE0MHgxMDgwIl1d/b0558ff2befcc02b/banner4.jpg 304
I, [2016-05-20T17:20:55.770466 #2733]  INFO -- : DRAGONFLY: GET /steam/dynamic/W1siZmYiLCIvaG9tZS9jbW8vY21vX2JpcnMvcHVibGljL2ltYWdlcy9iYW5uZXIuanBnIl0sWyJwIiwidGh1bWIiLCIxMTQweDEwODAiXV0/4adca55cca47d4b0/banner.jpg 304
I, [2016-05-20T17:20:55.771302 #2733]  INFO -- : DRAGONFLY: GET /steam/dynamic/W1siZmYiLCIvaG9tZS9jbW8vY21vX2JpcnMvcHVibGljL2ltYWdlcy9iYW5uZXIzLmpwZyJdLFsicCIsInRodW1iIiwiMTE0MHgxMDgwIl1d/a5caa6a293747d3a/banner3.jpg 304
I, [2016-05-20T17:21:53.930222 #2733]  INFO -- : DRAGONFLY: GET /steam/dynamic/W1siZmYiLCIvaG9tZS9jbW8vY21vX2JpcnMvcHVibGljL2ltYWdlcy9iYW5uZXIxLmpwZyJdLFsicCIsInRodW1iIiwiMTE0MHgxMDgwIl1d/253116d147cb3434/banner1.jpg 304
I, [2016-05-20T17:21:53.942298 #2733]  INFO -- : DRAGONFLY: GET /steam/dynamic/W1siZmYiLCIvaG9tZS9jbW8vY21vX2JpcnMvcHVibGljL2ltYWdlcy9iYW5uZXIyLmpwZyJdLFsicCIsInRodW1iIiwiMTE0MHgxMDgwIl1d/cfccc56f5bfa3e06/banner2.jpg 304
I, [2016-05-20T17:21:53.953823 #2733]  INFO -- : DRAGONFLY: GET /steam/dynamic/W1siZmYiLCIvaG9tZS9jbW8vY21vX2JpcnMvcHVibGljL2ltYWdlcy9iYW5uZXIzLmpwZyJdLFsicCIsInRodW1iIiwiMTE0MHgxMDgwIl1d/a5caa6a293747d3a/banner3.jpg 304
I, [2016-05-20T17:21:53.968449 #2733]  INFO -- : DRAGONFLY: GET /steam/dynamic/W1siZmYiLCIvaG9tZS9jbW8vY21vX2JpcnMvcHVibGljL2ltYWdlcy9iYW5uZXIuanBnIl0sWyJwIiwidGh1bWIiLCIxMTQweDEwODAiXV0/4adca55cca47d4b0/banner.jpg 304
I, [2016-05-20T17:21:53.974417 #2733]  INFO -- : DRAGONFLY: GET /steam/dynamic/W1siZmYiLCIvaG9tZS9jbW8vY21vX2JpcnMvcHVibGljL2ltYWdlcy9iYW5uZXI0LmpwZyJdLFsicCIsInRodW1iIiwiMTE0MHgxMDgwIl1d/b0558ff2befcc02b/banner4.jpg 304
I, [2016-05-20T17:23:57.035634 #2733]  INFO -- : DRAGONFLY: GET /steam/dynamic/W1siZmYiLCIvaG9tZS9jbW8vY21vX2JpcnMvcHVibGljL2ltYWdlcy9iYW5uZXIxLmpwZyJdLFsicCIsInRodW1iIiwiMTE0MHgxMDgwIl1d/253116d147cb3434/banner1.jpg 304
I, [2016-05-20T17:23:57.038453 #2733]  INFO -- : DRAGONFLY: GET /steam/dynamic/W1siZmYiLCIvaG9tZS9jbW8vY21vX2JpcnMvcHVibGljL2ltYWdlcy9iYW5uZXIyLmpwZyJdLFsicCIsInRodW1iIiwiMTE0MHgxMDgwIl1d/cfccc56f5bfa3e06/banner2.jpg 304
I, [2016-05-20T17:23:57.108222 #2733]  INFO -- : DRAGONFLY: GET /steam/dynamic/W1siZmYiLCIvaG9tZS9jbW8vY21vX2JpcnMvcHVibGljL2ltYWdlcy9iYW5uZXIzLmpwZyJdLFsicCIsInRodW1iIiwiMTE0MHgxMDgwIl1d/a5caa6a293747d3a/banner3.jpg 304
I, [2016-05-20T17:23:57.111831 #2733]  INFO -- : DRAGONFLY: GET /steam/dynamic/W1siZmYiLCIvaG9tZS9jbW8vY21vX2JpcnMvcHVibGljL2ltYWdlcy9iYW5uZXI0LmpwZyJdLFsicCIsInRodW1iIiwiMTE0MHgxMDgwIl1d/b0558ff2befcc02b/banner4.jpg 304
I, [2016-05-20T17:23:57.114237 #2733]  INFO -- : DRAGONFLY: GET /steam/dynamic/W1siZmYiLCIvaG9tZS9jbW8vY21vX2JpcnMvcHVibGljL2ltYWdlcy9iYW5uZXIuanBnIl0sWyJwIiwidGh1bWIiLCIxMTQweDEwODAiXV0/4adca55cca47d4b0/banner.jpg 304
I, [2016-05-20T17:25:08.404949 #2733]  INFO -- : DRAGONFLY: GET /steam/dynamic/W1siZmYiLCIvaG9tZS9jbW8vY21vX2JpcnMvcHVibGljL2ltYWdlcy9iYW5uZXIxLmpwZyJdLFsicCIsInRodW1iIiwiMTE0MHgxMDgwIl1d/253116d147cb3434/banner1.jpg 304
I, [2016-05-20T17:25:08.446900 #2733]  INFO -- : DRAGONFLY: GET /steam/dynamic/W1siZmYiLCIvaG9tZS9jbW8vY21vX2JpcnMvcHVibGljL2ltYWdlcy9iYW5uZXIyLmpwZyJdLFsicCIsInRodW1iIiwiMTE0MHgxMDgwIl1d/cfccc56f5bfa3e06/banner2.jpg 304
I, [2016-05-20T17:25:08.485619 #2733]  INFO -- : DRAGONFLY: GET /steam/dynamic/W1siZmYiLCIvaG9tZS9jbW8vY21vX2JpcnMvcHVibGljL2ltYWdlcy9iYW5uZXIzLmpwZyJdLFsicCIsInRodW1iIiwiMTE0MHgxMDgwIl1d/a5caa6a293747d3a/banner3.jpg 304
I, [2016-05-20T17:25:08.487272 #2733]  INFO -- : DRAGONFLY: GET /steam/dynamic/W1siZmYiLCIvaG9tZS9jbW8vY21vX2JpcnMvcHVibGljL2ltYWdlcy9iYW5uZXIuanBnIl0sWyJwIiwidGh1bWIiLCIxMTQweDEwODAiXV0/4adca55cca47d4b0/banner.jpg 304
I, [2016-05-20T17:25:08.493081 #2733]  INFO -- : DRAGONFLY: GET /steam/dynamic/W1siZmYiLCIvaG9tZS9jbW8vY21vX2JpcnMvcHVibGljL2ltYWdlcy9iYW5uZXI0LmpwZyJdLFsicCIsInRodW1iIiwiMTE0MHgxMDgwIl1d/b0558ff2befcc02b/banner4.jpg 304
I, [2016-05-25T09:01:17.324565 #2516]  INFO -- : DRAGONFLY: GET /steam/dynamic/W1siZmYiLCIvaG9tZS9jbW8vY21vX2JpcnMvcHVibGljL2ltYWdlcy9iYW5uZXIxLmpwZyJdLFsicCIsInRodW1iIiwiMTE0MHgxMDgwIl1d/253116d147cb3434/banner1.jpg 304
I, [2016-05-25T09:01:17.326674 #2516]  INFO -- : DRAGONFLY: GET /steam/dynamic/W1siZmYiLCIvaG9tZS9jbW8vY21vX2JpcnMvcHVibGljL2ltYWdlcy9iYW5uZXIyLmpwZyJdLFsicCIsInRodW1iIiwiMTE0MHgxMDgwIl1d/cfccc56f5bfa3e06/banner2.jpg 304
I, [2016-05-25T09:01:17.327776 #2516]  INFO -- : DRAGONFLY: GET /steam/dynamic/W1siZmYiLCIvaG9tZS9jbW8vY21vX2JpcnMvcHVibGljL2ltYWdlcy9iYW5uZXIzLmpwZyJdLFsicCIsInRodW1iIiwiMTE0MHgxMDgwIl1d/a5caa6a293747d3a/banner3.jpg 304
I, [2016-05-25T09:01:17.335253 #2516]  INFO -- : DRAGONFLY: GET /steam/dynamic/W1siZmYiLCIvaG9tZS9jbW8vY21vX2JpcnMvcHVibGljL2ltYWdlcy9iYW5uZXIuanBnIl0sWyJwIiwidGh1bWIiLCIxMTQweDEwODAiXV0/4adca55cca47d4b0/banner.jpg 304
I, [2016-05-25T09:01:17.340597 #2516]  INFO -- : DRAGONFLY: GET /steam/dynamic/W1siZmYiLCIvaG9tZS9jbW8vY21vX2JpcnMvcHVibGljL2ltYWdlcy9iYW5uZXI0LmpwZyJdLFsicCIsInRodW1iIiwiMTE0MHgxMDgwIl1d/b0558ff2befcc02b/banner4.jpg 304
I, [2016-05-25T09:01:49.423468 #2516]  INFO -- : DRAGONFLY: GET /steam/dynamic/W1siZmYiLCIvaG9tZS9jbW8vY21vX2JpcnMvcHVibGljL2ltYWdlcy9iYW5uZXIxLmpwZyJdLFsicCIsInRodW1iIiwiMTE0MHgxMDgwIl1d/253116d147cb3434/banner1.jpg 304
I, [2016-05-25T09:01:49.436173 #2516]  INFO -- : DRAGONFLY: GET /steam/dynamic/W1siZmYiLCIvaG9tZS9jbW8vY21vX2JpcnMvcHVibGljL2ltYWdlcy9iYW5uZXIyLmpwZyJdLFsicCIsInRodW1iIiwiMTE0MHgxMDgwIl1d/cfccc56f5bfa3e06/banner2.jpg 304
I, [2016-05-25T09:01:49.443127 #2516]  INFO -- : DRAGONFLY: GET /steam/dynamic/W1siZmYiLCIvaG9tZS9jbW8vY21vX2JpcnMvcHVibGljL2ltYWdlcy9iYW5uZXIzLmpwZyJdLFsicCIsInRodW1iIiwiMTE0MHgxMDgwIl1d/a5caa6a293747d3a/banner3.jpg 304
I, [2016-05-25T09:01:49.456485 #2516]  INFO -- : DRAGONFLY: GET /steam/dynamic/W1siZmYiLCIvaG9tZS9jbW8vY21vX2JpcnMvcHVibGljL2ltYWdlcy9iYW5uZXIuanBnIl0sWyJwIiwidGh1bWIiLCIxMTQweDEwODAiXV0/4adca55cca47d4b0/banner.jpg 304
I, [2016-05-25T09:01:49.471479 #2516]  INFO -- : DRAGONFLY: GET /steam/dynamic/W1siZmYiLCIvaG9tZS9jbW8vY21vX2JpcnMvcHVibGljL2ltYWdlcy9iYW5uZXI0LmpwZyJdLFsicCIsInRodW1iIiwiMTE0MHgxMDgwIl1d/b0558ff2befcc02b/banner4.jpg 304
I, [2016-05-25T10:56:41.119056 #2516]  INFO -- : DRAGONFLY: GET /steam/dynamic/W1siZmYiLCIvaG9tZS9jbW8vY21vX2JpcnMvcHVibGljL2ltYWdlcy9iYW5uZXIxLmpwZyJdLFsicCIsInRodW1iIiwiMTE0MHgxMDgwIl1d/253116d147cb3434/banner1.jpg 304
I, [2016-05-25T10:56:41.137049 #2516]  INFO -- : DRAGONFLY: GET /steam/dynamic/W1siZmYiLCIvaG9tZS9jbW8vY21vX2JpcnMvcHVibGljL2ltYWdlcy9iYW5uZXIyLmpwZyJdLFsicCIsInRodW1iIiwiMTE0MHgxMDgwIl1d/cfccc56f5bfa3e06/banner2.jpg 304
I, [2016-05-25T10:56:41.156609 #2516]  INFO -- : DRAGONFLY: GET /steam/dynamic/W1siZmYiLCIvaG9tZS9jbW8vY21vX2JpcnMvcHVibGljL2ltYWdlcy9iYW5uZXIzLmpwZyJdLFsicCIsInRodW1iIiwiMTE0MHgxMDgwIl1d/a5caa6a293747d3a/banner3.jpg 304
I, [2016-05-25T10:56:41.178427 #2516]  INFO -- : DRAGONFLY: GET /steam/dynamic/W1siZmYiLCIvaG9tZS9jbW8vY21vX2JpcnMvcHVibGljL2ltYWdlcy9iYW5uZXIuanBnIl0sWyJwIiwidGh1bWIiLCIxMTQweDEwODAiXV0/4adca55cca47d4b0/banner.jpg 304
I, [2016-05-25T10:56:41.197624 #2516]  INFO -- : DRAGONFLY: GET /steam/dynamic/W1siZmYiLCIvaG9tZS9jbW8vY21vX2JpcnMvcHVibGljL2ltYWdlcy9iYW5uZXI0LmpwZyJdLFsicCIsInRodW1iIiwiMTE0MHgxMDgwIl1d/b0558ff2befcc02b/banner4.jpg 304
I, [2016-05-25T10:57:01.209010 #2516]  INFO -- : DRAGONFLY: GET /steam/dynamic/W1siZmYiLCIvaG9tZS9jbW8vY21vX2JpcnMvcHVibGljL2ltYWdlcy9iYW5uZXIxLmpwZyJdLFsicCIsInRodW1iIiwiMTE0MHgxMDgwIl1d/253116d147cb3434/banner1.jpg 304
I, [2016-05-25T10:57:01.223849 #2516]  INFO -- : DRAGONFLY: GET /steam/dynamic/W1siZmYiLCIvaG9tZS9jbW8vY21vX2JpcnMvcHVibGljL2ltYWdlcy9iYW5uZXIyLmpwZyJdLFsicCIsInRodW1iIiwiMTE0MHgxMDgwIl1d/cfccc56f5bfa3e06/banner2.jpg 304
I, [2016-05-25T10:57:01.241947 #2516]  INFO -- : DRAGONFLY: GET /steam/dynamic/W1siZmYiLCIvaG9tZS9jbW8vY21vX2JpcnMvcHVibGljL2ltYWdlcy9iYW5uZXIzLmpwZyJdLFsicCIsInRodW1iIiwiMTE0MHgxMDgwIl1d/a5caa6a293747d3a/banner3.jpg 304
I, [2016-05-25T10:57:01.253816 #2516]  INFO -- : DRAGONFLY: GET /steam/dynamic/W1siZmYiLCIvaG9tZS9jbW8vY21vX2JpcnMvcHVibGljL2ltYWdlcy9iYW5uZXIuanBnIl0sWyJwIiwidGh1bWIiLCIxMTQweDEwODAiXV0/4adca55cca47d4b0/banner.jpg 304
I, [2016-05-25T10:57:01.266369 #2516]  INFO -- : DRAGONFLY: GET /steam/dynamic/W1siZmYiLCIvaG9tZS9jbW8vY21vX2JpcnMvcHVibGljL2ltYWdlcy9iYW5uZXI0LmpwZyJdLFsicCIsInRodW1iIiwiMTE0MHgxMDgwIl1d/b0558ff2befcc02b/banner4.jpg 304
I, [2016-05-25T10:57:38.554102 #2516]  INFO -- : DRAGONFLY: GET /steam/dynamic/W1siZmYiLCIvaG9tZS9jbW8vY21vX2JpcnMvcHVibGljL2ltYWdlcy9iYW5uZXIxLmpwZyJdLFsicCIsInRodW1iIiwiMTE0MHgxMDgwIl1d/253116d147cb3434/banner1.jpg 304
I, [2016-05-25T10:57:38.565975 #2516]  INFO -- : DRAGONFLY: GET /steam/dynamic/W1siZmYiLCIvaG9tZS9jbW8vY21vX2JpcnMvcHVibGljL2ltYWdlcy9iYW5uZXIyLmpwZyJdLFsicCIsInRodW1iIiwiMTE0MHgxMDgwIl1d/cfccc56f5bfa3e06/banner2.jpg 304
I, [2016-05-25T10:57:38.579680 #2516]  INFO -- : DRAGONFLY: GET /steam/dynamic/W1siZmYiLCIvaG9tZS9jbW8vY21vX2JpcnMvcHVibGljL2ltYWdlcy9iYW5uZXIzLmpwZyJdLFsicCIsInRodW1iIiwiMTE0MHgxMDgwIl1d/a5caa6a293747d3a/banner3.jpg 304
I, [2016-05-25T10:57:38.593195 #2516]  INFO -- : DRAGONFLY: GET /steam/dynamic/W1siZmYiLCIvaG9tZS9jbW8vY21vX2JpcnMvcHVibGljL2ltYWdlcy9iYW5uZXIuanBnIl0sWyJwIiwidGh1bWIiLCIxMTQweDEwODAiXV0/4adca55cca47d4b0/banner.jpg 304
I, [2016-05-25T10:57:38.604714 #2516]  INFO -- : DRAGONFLY: GET /steam/dynamic/W1siZmYiLCIvaG9tZS9jbW8vY21vX2JpcnMvcHVibGljL2ltYWdlcy9iYW5uZXI0LmpwZyJdLFsicCIsInRodW1iIiwiMTE0MHgxMDgwIl1d/b0558ff2befcc02b/banner4.jpg 304
I, [2016-05-25T10:58:23.348312 #2516]  INFO -- : DRAGONFLY: GET /steam/dynamic/W1siZmYiLCIvaG9tZS9jbW8vY21vX2JpcnMvcHVibGljL2ltYWdlcy9iYW5uZXIxLmpwZyJdLFsicCIsInRodW1iIiwiMTE0MHgxMDgwIl1d/253116d147cb3434/banner1.jpg 304
I, [2016-05-25T10:58:23.438225 #2516]  INFO -- : DRAGONFLY: GET /steam/dynamic/W1siZmYiLCIvaG9tZS9jbW8vY21vX2JpcnMvcHVibGljL2ltYWdlcy9iYW5uZXIzLmpwZyJdLFsicCIsInRodW1iIiwiMTE0MHgxMDgwIl1d/a5caa6a293747d3a/banner3.jpg 304
I, [2016-05-25T10:58:23.438817 #2516]  INFO -- : DRAGONFLY: GET /steam/dynamic/W1siZmYiLCIvaG9tZS9jbW8vY21vX2JpcnMvcHVibGljL2ltYWdlcy9iYW5uZXIyLmpwZyJdLFsicCIsInRodW1iIiwiMTE0MHgxMDgwIl1d/cfccc56f5bfa3e06/banner2.jpg 304
I, [2016-05-25T10:58:23.452624 #2516]  INFO -- : DRAGONFLY: GET /steam/dynamic/W1siZmYiLCIvaG9tZS9jbW8vY21vX2JpcnMvcHVibGljL2ltYWdlcy9iYW5uZXIuanBnIl0sWyJwIiwidGh1bWIiLCIxMTQweDEwODAiXV0/4adca55cca47d4b0/banner.jpg 304
I, [2016-05-25T10:58:23.486842 #2516]  INFO -- : DRAGONFLY: GET /steam/dynamic/W1siZmYiLCIvaG9tZS9jbW8vY21vX2JpcnMvcHVibGljL2ltYWdlcy9iYW5uZXI0LmpwZyJdLFsicCIsInRodW1iIiwiMTE0MHgxMDgwIl1d/b0558ff2befcc02b/banner4.jpg 304
I, [2016-05-25T11:00:19.164188 #2516]  INFO -- : DRAGONFLY: GET /steam/dynamic/W1siZmYiLCIvaG9tZS9jbW8vY21vX2JpcnMvcHVibGljL2ltYWdlcy9iYW5uZXIxLmpwZyJdLFsicCIsInRodW1iIiwiMTE0MHgxMDgwIl1d/253116d147cb3434/banner1.jpg 304
I, [2016-05-25T11:00:19.187307 #2516]  INFO -- : DRAGONFLY: GET /steam/dynamic/W1siZmYiLCIvaG9tZS9jbW8vY21vX2JpcnMvcHVibGljL2ltYWdlcy9iYW5uZXIyLmpwZyJdLFsicCIsInRodW1iIiwiMTE0MHgxMDgwIl1d/cfccc56f5bfa3e06/banner2.jpg 304
I, [2016-05-25T11:00:19.210669 #2516]  INFO -- : DRAGONFLY: GET /steam/dynamic/W1siZmYiLCIvaG9tZS9jbW8vY21vX2JpcnMvcHVibGljL2ltYWdlcy9iYW5uZXIzLmpwZyJdLFsicCIsInRodW1iIiwiMTE0MHgxMDgwIl1d/a5caa6a293747d3a/banner3.jpg 304
I, [2016-05-25T11:00:19.231274 #2516]  INFO -- : DRAGONFLY: GET /steam/dynamic/W1siZmYiLCIvaG9tZS9jbW8vY21vX2JpcnMvcHVibGljL2ltYWdlcy9iYW5uZXIuanBnIl0sWyJwIiwidGh1bWIiLCIxMTQweDEwODAiXV0/4adca55cca47d4b0/banner.jpg 304
I, [2016-05-25T11:00:19.244257 #2516]  INFO -- : DRAGONFLY: GET /steam/dynamic/W1siZmYiLCIvaG9tZS9jbW8vY21vX2JpcnMvcHVibGljL2ltYWdlcy9iYW5uZXI0LmpwZyJdLFsicCIsInRodW1iIiwiMTE0MHgxMDgwIl1d/b0558ff2befcc02b/banner4.jpg 304
I, [2016-05-25T11:01:03.197617 #2516]  INFO -- : DRAGONFLY: GET /steam/dynamic/W1siZmYiLCIvaG9tZS9jbW8vY21vX2JpcnMvcHVibGljL2ltYWdlcy9iYW5uZXIxLmpwZyJdLFsicCIsInRodW1iIiwiMTE0MHgxMDgwIl1d/253116d147cb3434/banner1.jpg 304
I, [2016-05-25T11:01:03.231988 #2516]  INFO -- : DRAGONFLY: GET /steam/dynamic/W1siZmYiLCIvaG9tZS9jbW8vY21vX2JpcnMvcHVibGljL2ltYWdlcy9iYW5uZXIyLmpwZyJdLFsicCIsInRodW1iIiwiMTE0MHgxMDgwIl1d/cfccc56f5bfa3e06/banner2.jpg 304
I, [2016-05-25T11:01:03.251539 #2516]  INFO -- : DRAGONFLY: GET /steam/dynamic/W1siZmYiLCIvaG9tZS9jbW8vY21vX2JpcnMvcHVibGljL2ltYWdlcy9iYW5uZXIzLmpwZyJdLFsicCIsInRodW1iIiwiMTE0MHgxMDgwIl1d/a5caa6a293747d3a/banner3.jpg 304
I, [2016-05-25T11:01:03.272720 #2516]  INFO -- : DRAGONFLY: GET /steam/dynamic/W1siZmYiLCIvaG9tZS9jbW8vY21vX2JpcnMvcHVibGljL2ltYWdlcy9iYW5uZXIuanBnIl0sWyJwIiwidGh1bWIiLCIxMTQweDEwODAiXV0/4adca55cca47d4b0/banner.jpg 304
I, [2016-05-25T11:01:03.295567 #2516]  INFO -- : DRAGONFLY: GET /steam/dynamic/W1siZmYiLCIvaG9tZS9jbW8vY21vX2JpcnMvcHVibGljL2ltYWdlcy9iYW5uZXI0LmpwZyJdLFsicCIsInRodW1iIiwiMTE0MHgxMDgwIl1d/b0558ff2befcc02b/banner4.jpg 304
I, [2016-05-25T14:23:46.001340 #2622]  INFO -- : DRAGONFLY: GET /steam/dynamic/W1siZmYiLCIvaG9tZS9jbW8vY21vX2JpcnMvcHVibGljL2ltYWdlcy9iYW5uZXIxLmpwZyJdLFsicCIsInRodW1iIiwiMTE0MHgxMDgwIl1d/253116d147cb3434/banner1.jpg 304
I, [2016-05-25T14:23:46.010132 #2622]  INFO -- : DRAGONFLY: GET /steam/dynamic/W1siZmYiLCIvaG9tZS9jbW8vY21vX2JpcnMvcHVibGljL2ltYWdlcy9iYW5uZXIyLmpwZyJdLFsicCIsInRodW1iIiwiMTE0MHgxMDgwIl1d/cfccc56f5bfa3e06/banner2.jpg 304
I, [2016-05-25T14:23:46.015578 #2622]  INFO -- : DRAGONFLY: GET /steam/dynamic/W1siZmYiLCIvaG9tZS9jbW8vY21vX2JpcnMvcHVibGljL2ltYWdlcy9iYW5uZXIzLmpwZyJdLFsicCIsInRodW1iIiwiMTE0MHgxMDgwIl1d/a5caa6a293747d3a/banner3.jpg 304
I, [2016-05-25T14:23:46.020841 #2622]  INFO -- : DRAGONFLY: GET /steam/dynamic/W1siZmYiLCIvaG9tZS9jbW8vY21vX2JpcnMvcHVibGljL2ltYWdlcy9iYW5uZXIuanBnIl0sWyJwIiwidGh1bWIiLCIxMTQweDEwODAiXV0/4adca55cca47d4b0/banner.jpg 304
I, [2016-05-25T14:23:46.026824 #2622]  INFO -- : DRAGONFLY: GET /steam/dynamic/W1siZmYiLCIvaG9tZS9jbW8vY21vX2JpcnMvcHVibGljL2ltYWdlcy9iYW5uZXI0LmpwZyJdLFsicCIsInRodW1iIiwiMTE0MHgxMDgwIl1d/b0558ff2befcc02b/banner4.jpg 304
I, [2016-05-25T14:25:46.433995 #2622]  INFO -- : DRAGONFLY: GET /steam/dynamic/W1siZmYiLCIvaG9tZS9jbW8vY21vX2JpcnMvcHVibGljL2ltYWdlcy9iYW5uZXIxLmpwZyJdLFsicCIsInRodW1iIiwiMTE0MHgxMDgwIl1d/253116d147cb3434/banner1.jpg 304
I, [2016-05-25T14:25:46.441182 #2622]  INFO -- : DRAGONFLY: GET /steam/dynamic/W1siZmYiLCIvaG9tZS9jbW8vY21vX2JpcnMvcHVibGljL2ltYWdlcy9iYW5uZXIyLmpwZyJdLFsicCIsInRodW1iIiwiMTE0MHgxMDgwIl1d/cfccc56f5bfa3e06/banner2.jpg 304
I, [2016-05-25T14:25:46.448535 #2622]  INFO -- : DRAGONFLY: GET /steam/dynamic/W1siZmYiLCIvaG9tZS9jbW8vY21vX2JpcnMvcHVibGljL2ltYWdlcy9iYW5uZXIzLmpwZyJdLFsicCIsInRodW1iIiwiMTE0MHgxMDgwIl1d/a5caa6a293747d3a/banner3.jpg 304
I, [2016-05-25T14:25:46.453130 #2622]  INFO -- : DRAGONFLY: GET /steam/dynamic/W1siZmYiLCIvaG9tZS9jbW8vY21vX2JpcnMvcHVibGljL2ltYWdlcy9iYW5uZXIuanBnIl0sWyJwIiwidGh1bWIiLCIxMTQweDEwODAiXV0/4adca55cca47d4b0/banner.jpg 304
I, [2016-05-25T14:25:46.461071 #2622]  INFO -- : DRAGONFLY: GET /steam/dynamic/W1siZmYiLCIvaG9tZS9jbW8vY21vX2JpcnMvcHVibGljL2ltYWdlcy9iYW5uZXI0LmpwZyJdLFsicCIsInRodW1iIiwiMTE0MHgxMDgwIl1d/b0558ff2befcc02b/banner4.jpg 304
I, [2016-05-25T14:27:22.252835 #2622]  INFO -- : DRAGONFLY: GET /steam/dynamic/W1siZmYiLCIvaG9tZS9jbW8vY21vX2JpcnMvcHVibGljL2ltYWdlcy9iYW5uZXIxLmpwZyJdLFsicCIsInRodW1iIiwiMTE0MHgxMDgwIl1d/253116d147cb3434/banner1.jpg 304
I, [2016-05-25T14:27:22.255592 #2622]  INFO -- : DRAGONFLY: GET /steam/dynamic/W1siZmYiLCIvaG9tZS9jbW8vY21vX2JpcnMvcHVibGljL2ltYWdlcy9iYW5uZXIyLmpwZyJdLFsicCIsInRodW1iIiwiMTE0MHgxMDgwIl1d/cfccc56f5bfa3e06/banner2.jpg 304
I, [2016-05-25T14:27:22.263121 #2622]  INFO -- : DRAGONFLY: GET /steam/dynamic/W1siZmYiLCIvaG9tZS9jbW8vY21vX2JpcnMvcHVibGljL2ltYWdlcy9iYW5uZXIzLmpwZyJdLFsicCIsInRodW1iIiwiMTE0MHgxMDgwIl1d/a5caa6a293747d3a/banner3.jpg 304
I, [2016-05-25T14:27:22.264142 #2622]  INFO -- : DRAGONFLY: GET /steam/dynamic/W1siZmYiLCIvaG9tZS9jbW8vY21vX2JpcnMvcHVibGljL2ltYWdlcy9iYW5uZXIuanBnIl0sWyJwIiwidGh1bWIiLCIxMTQweDEwODAiXV0/4adca55cca47d4b0/banner.jpg 304
I, [2016-05-25T14:27:22.265158 #2622]  INFO -- : DRAGONFLY: GET /steam/dynamic/W1siZmYiLCIvaG9tZS9jbW8vY21vX2JpcnMvcHVibGljL2ltYWdlcy9iYW5uZXI0LmpwZyJdLFsicCIsInRodW1iIiwiMTE0MHgxMDgwIl1d/b0558ff2befcc02b/banner4.jpg 304
I, [2016-05-25T14:28:15.123660 #2622]  INFO -- : DRAGONFLY: GET /steam/dynamic/W1siZmYiLCIvaG9tZS9jbW8vY21vX2JpcnMvcHVibGljL2ltYWdlcy9iYW5uZXIxLmpwZyJdLFsicCIsInRodW1iIiwiMTE0MHgxMDgwIl1d/253116d147cb3434/banner1.jpg 304
I, [2016-05-25T14:28:15.126697 #2622]  INFO -- : DRAGONFLY: GET /steam/dynamic/W1siZmYiLCIvaG9tZS9jbW8vY21vX2JpcnMvcHVibGljL2ltYWdlcy9iYW5uZXIyLmpwZyJdLFsicCIsInRodW1iIiwiMTE0MHgxMDgwIl1d/cfccc56f5bfa3e06/banner2.jpg 304
I, [2016-05-25T14:28:15.186376 #2622]  INFO -- : DRAGONFLY: GET /steam/dynamic/W1siZmYiLCIvaG9tZS9jbW8vY21vX2JpcnMvcHVibGljL2ltYWdlcy9iYW5uZXIzLmpwZyJdLFsicCIsInRodW1iIiwiMTE0MHgxMDgwIl1d/a5caa6a293747d3a/banner3.jpg 304
I, [2016-05-25T14:28:15.188769 #2622]  INFO -- : DRAGONFLY: GET /steam/dynamic/W1siZmYiLCIvaG9tZS9jbW8vY21vX2JpcnMvcHVibGljL2ltYWdlcy9iYW5uZXI0LmpwZyJdLFsicCIsInRodW1iIiwiMTE0MHgxMDgwIl1d/b0558ff2befcc02b/banner4.jpg 304
I, [2016-05-25T14:28:15.189665 #2622]  INFO -- : DRAGONFLY: GET /steam/dynamic/W1siZmYiLCIvaG9tZS9jbW8vY21vX2JpcnMvcHVibGljL2ltYWdlcy9iYW5uZXIuanBnIl0sWyJwIiwidGh1bWIiLCIxMTQweDEwODAiXV0/4adca55cca47d4b0/banner.jpg 304
I, [2016-05-25T14:29:05.297861 #2622]  INFO -- : DRAGONFLY: GET /steam/dynamic/W1siZmYiLCIvaG9tZS9jbW8vY21vX2JpcnMvcHVibGljL2ltYWdlcy9iYW5uZXIxLmpwZyJdLFsicCIsInRodW1iIiwiMTE0MHgxMDgwIl1d/253116d147cb3434/banner1.jpg 304
I, [2016-05-25T14:29:05.333176 #2622]  INFO -- : DRAGONFLY: GET /steam/dynamic/W1siZmYiLCIvaG9tZS9jbW8vY21vX2JpcnMvcHVibGljL2ltYWdlcy9iYW5uZXIyLmpwZyJdLFsicCIsInRodW1iIiwiMTE0MHgxMDgwIl1d/cfccc56f5bfa3e06/banner2.jpg 304
I, [2016-05-25T14:29:05.398222 #2622]  INFO -- : DRAGONFLY: GET /steam/dynamic/W1siZmYiLCIvaG9tZS9jbW8vY21vX2JpcnMvcHVibGljL2ltYWdlcy9iYW5uZXIzLmpwZyJdLFsicCIsInRodW1iIiwiMTE0MHgxMDgwIl1d/a5caa6a293747d3a/banner3.jpg 304
I, [2016-05-25T14:29:05.405902 #2622]  INFO -- : DRAGONFLY: GET /steam/dynamic/W1siZmYiLCIvaG9tZS9jbW8vY21vX2JpcnMvcHVibGljL2ltYWdlcy9iYW5uZXIuanBnIl0sWyJwIiwidGh1bWIiLCIxMTQweDEwODAiXV0/4adca55cca47d4b0/banner.jpg 304
I, [2016-05-25T14:29:05.433770 #2622]  INFO -- : DRAGONFLY: GET /steam/dynamic/W1siZmYiLCIvaG9tZS9jbW8vY21vX2JpcnMvcHVibGljL2ltYWdlcy9iYW5uZXI0LmpwZyJdLFsicCIsInRodW1iIiwiMTE0MHgxMDgwIl1d/b0558ff2befcc02b/banner4.jpg 304
I, [2016-05-25T14:30:03.032548 #2622]  INFO -- : DRAGONFLY: GET /steam/dynamic/W1siZmYiLCIvaG9tZS9jbW8vY21vX2JpcnMvcHVibGljL2ltYWdlcy9iYW5uZXIxLmpwZyJdLFsicCIsInRodW1iIiwiMTE0MHgxMDgwIl1d/253116d147cb3434/banner1.jpg 304
I, [2016-05-25T14:30:03.042389 #2622]  INFO -- : DRAGONFLY: GET /steam/dynamic/W1siZmYiLCIvaG9tZS9jbW8vY21vX2JpcnMvcHVibGljL2ltYWdlcy9iYW5uZXIyLmpwZyJdLFsicCIsInRodW1iIiwiMTE0MHgxMDgwIl1d/cfccc56f5bfa3e06/banner2.jpg 304
I, [2016-05-25T14:30:03.056592 #2622]  INFO -- : DRAGONFLY: GET /steam/dynamic/W1siZmYiLCIvaG9tZS9jbW8vY21vX2JpcnMvcHVibGljL2ltYWdlcy9iYW5uZXIzLmpwZyJdLFsicCIsInRodW1iIiwiMTE0MHgxMDgwIl1d/a5caa6a293747d3a/banner3.jpg 304
I, [2016-05-25T14:30:03.064544 #2622]  INFO -- : DRAGONFLY: GET /steam/dynamic/W1siZmYiLCIvaG9tZS9jbW8vY21vX2JpcnMvcHVibGljL2ltYWdlcy9iYW5uZXIuanBnIl0sWyJwIiwidGh1bWIiLCIxMTQweDEwODAiXV0/4adca55cca47d4b0/banner.jpg 304
I, [2016-05-25T14:30:03.071442 #2622]  INFO -- : DRAGONFLY: GET /steam/dynamic/W1siZmYiLCIvaG9tZS9jbW8vY21vX2JpcnMvcHVibGljL2ltYWdlcy9iYW5uZXI0LmpwZyJdLFsicCIsInRodW1iIiwiMTE0MHgxMDgwIl1d/b0558ff2befcc02b/banner4.jpg 304
I, [2016-05-25T14:40:12.185209 #2622]  INFO -- : DRAGONFLY: GET /steam/dynamic/W1siZmYiLCIvaG9tZS9jbW8vY21vX2JpcnMvcHVibGljL2ltYWdlcy9iYW5uZXIxLmpwZyJdLFsicCIsInRodW1iIiwiMTE0MHgxMDgwIl1d/253116d147cb3434/banner1.jpg 304
I, [2016-05-25T14:40:12.188292 #2622]  INFO -- : DRAGONFLY: GET /steam/dynamic/W1siZmYiLCIvaG9tZS9jbW8vY21vX2JpcnMvcHVibGljL2ltYWdlcy9iYW5uZXIuanBnIl0sWyJwIiwidGh1bWIiLCIxMTQweDEwODAiXV0/4adca55cca47d4b0/banner.jpg 304
I, [2016-05-25T14:40:12.191197 #2622]  INFO -- : DRAGONFLY: GET /steam/dynamic/W1siZmYiLCIvaG9tZS9jbW8vY21vX2JpcnMvcHVibGljL2ltYWdlcy9iYW5uZXIzLmpwZyJdLFsicCIsInRodW1iIiwiMTE0MHgxMDgwIl1d/a5caa6a293747d3a/banner3.jpg 304
I, [2016-05-25T14:40:12.192131 #2622]  INFO -- : DRAGONFLY: GET /steam/dynamic/W1siZmYiLCIvaG9tZS9jbW8vY21vX2JpcnMvcHVibGljL2ltYWdlcy9iYW5uZXIyLmpwZyJdLFsicCIsInRodW1iIiwiMTE0MHgxMDgwIl1d/cfccc56f5bfa3e06/banner2.jpg 304
I, [2016-05-25T14:40:12.266649 #2622]  INFO -- : DRAGONFLY: GET /steam/dynamic/W1siZmYiLCIvaG9tZS9jbW8vY21vX2JpcnMvcHVibGljL2ltYWdlcy9iYW5uZXI0LmpwZyJdLFsicCIsInRodW1iIiwiMTE0MHgxMDgwIl1d/b0558ff2befcc02b/banner4.jpg 304
I, [2016-05-26T14:38:16.934058 #2784]  INFO -- : DRAGONFLY: GET /steam/dynamic/W1siZmYiLCIvaG9tZS9jbW8vY21vX2JpcnMvcHVibGljL2ltYWdlcy9iYW5uZXIxLmpwZyJdLFsicCIsInRodW1iIiwiMTE0MHgxMDgwIl1d/253116d147cb3434/banner1.jpg 304
I, [2016-05-26T14:38:16.941961 #2784]  INFO -- : DRAGONFLY: GET /steam/dynamic/W1siZmYiLCIvaG9tZS9jbW8vY21vX2JpcnMvcHVibGljL2ltYWdlcy9iYW5uZXIyLmpwZyJdLFsicCIsInRodW1iIiwiMTE0MHgxMDgwIl1d/cfccc56f5bfa3e06/banner2.jpg 304
I, [2016-05-26T14:38:16.948629 #2784]  INFO -- : DRAGONFLY: GET /steam/dynamic/W1siZmYiLCIvaG9tZS9jbW8vY21vX2JpcnMvcHVibGljL2ltYWdlcy9iYW5uZXIzLmpwZyJdLFsicCIsInRodW1iIiwiMTE0MHgxMDgwIl1d/a5caa6a293747d3a/banner3.jpg 304
I, [2016-05-26T14:38:16.955643 #2784]  INFO -- : DRAGONFLY: GET /steam/dynamic/W1siZmYiLCIvaG9tZS9jbW8vY21vX2JpcnMvcHVibGljL2ltYWdlcy9iYW5uZXIuanBnIl0sWyJwIiwidGh1bWIiLCIxMTQweDEwODAiXV0/4adca55cca47d4b0/banner.jpg 304
I, [2016-05-26T14:38:16.958634 #2784]  INFO -- : DRAGONFLY: GET /steam/dynamic/W1siZmYiLCIvaG9tZS9jbW8vY21vX2JpcnMvcHVibGljL2ltYWdlcy9iYW5uZXI0LmpwZyJdLFsicCIsInRodW1iIiwiMTE0MHgxMDgwIl1d/b0558ff2befcc02b/banner4.jpg 304
I, [2016-05-26T14:40:06.021194 #2784]  INFO -- : DRAGONFLY: GET /steam/dynamic/W1siZmYiLCIvaG9tZS9jbW8vY21vX2JpcnMvcHVibGljL2ltYWdlcy9iYW5uZXIxLmpwZyJdLFsicCIsInRodW1iIiwiMTE0MHgxMDgwIl1d/253116d147cb3434/banner1.jpg 304
I, [2016-05-26T14:40:06.027121 #2784]  INFO -- : DRAGONFLY: GET /steam/dynamic/W1siZmYiLCIvaG9tZS9jbW8vY21vX2JpcnMvcHVibGljL2ltYWdlcy9iYW5uZXIyLmpwZyJdLFsicCIsInRodW1iIiwiMTE0MHgxMDgwIl1d/cfccc56f5bfa3e06/banner2.jpg 304
I, [2016-05-26T14:40:06.034374 #2784]  INFO -- : DRAGONFLY: GET /steam/dynamic/W1siZmYiLCIvaG9tZS9jbW8vY21vX2JpcnMvcHVibGljL2ltYWdlcy9iYW5uZXIzLmpwZyJdLFsicCIsInRodW1iIiwiMTE0MHgxMDgwIl1d/a5caa6a293747d3a/banner3.jpg 304
I, [2016-05-26T14:40:06.040961 #2784]  INFO -- : DRAGONFLY: GET /steam/dynamic/W1siZmYiLCIvaG9tZS9jbW8vY21vX2JpcnMvcHVibGljL2ltYWdlcy9iYW5uZXIuanBnIl0sWyJwIiwidGh1bWIiLCIxMTQweDEwODAiXV0/4adca55cca47d4b0/banner.jpg 304
I, [2016-05-26T14:40:06.045012 #2784]  INFO -- : DRAGONFLY: GET /steam/dynamic/W1siZmYiLCIvaG9tZS9jbW8vY21vX2JpcnMvcHVibGljL2ltYWdlcy9iYW5uZXI0LmpwZyJdLFsicCIsInRodW1iIiwiMTE0MHgxMDgwIl1d/b0558ff2befcc02b/banner4.jpg 304
I, [2016-05-26T14:42:09.223406 #2784]  INFO -- : DRAGONFLY: GET /steam/dynamic/W1siZmYiLCIvaG9tZS9jbW8vY21vX2JpcnMvcHVibGljL2ltYWdlcy9iYW5uZXIxLmpwZyJdLFsicCIsInRodW1iIiwiMTE0MHgxMDgwIl1d/253116d147cb3434/banner1.jpg 304
I, [2016-05-26T14:42:09.236132 #2784]  INFO -- : DRAGONFLY: GET /steam/dynamic/W1siZmYiLCIvaG9tZS9jbW8vY21vX2JpcnMvcHVibGljL2ltYWdlcy9iYW5uZXIyLmpwZyJdLFsicCIsInRodW1iIiwiMTE0MHgxMDgwIl1d/cfccc56f5bfa3e06/banner2.jpg 304
I, [2016-05-26T14:42:09.251019 #2784]  INFO -- : DRAGONFLY: GET /steam/dynamic/W1siZmYiLCIvaG9tZS9jbW8vY21vX2JpcnMvcHVibGljL2ltYWdlcy9iYW5uZXIzLmpwZyJdLFsicCIsInRodW1iIiwiMTE0MHgxMDgwIl1d/a5caa6a293747d3a/banner3.jpg 304
I, [2016-05-26T14:42:09.257910 #2784]  INFO -- : DRAGONFLY: GET /steam/dynamic/W1siZmYiLCIvaG9tZS9jbW8vY21vX2JpcnMvcHVibGljL2ltYWdlcy9iYW5uZXIuanBnIl0sWyJwIiwidGh1bWIiLCIxMTQweDEwODAiXV0/4adca55cca47d4b0/banner.jpg 304
I, [2016-05-26T14:42:09.263760 #2784]  INFO -- : DRAGONFLY: GET /steam/dynamic/W1siZmYiLCIvaG9tZS9jbW8vY21vX2JpcnMvcHVibGljL2ltYWdlcy9iYW5uZXI0LmpwZyJdLFsicCIsInRodW1iIiwiMTE0MHgxMDgwIl1d/b0558ff2befcc02b/banner4.jpg 304
I, [2016-05-26T14:43:50.149508 #2784]  INFO -- : DRAGONFLY: GET /steam/dynamic/W1siZmYiLCIvaG9tZS9jbW8vY21vX2JpcnMvcHVibGljL2ltYWdlcy9iYW5uZXIxLmpwZyJdLFsicCIsInRodW1iIiwiMTE0MHgxMDgwIl1d/253116d147cb3434/banner1.jpg 304
I, [2016-05-26T14:43:50.155351 #2784]  INFO -- : DRAGONFLY: GET /steam/dynamic/W1siZmYiLCIvaG9tZS9jbW8vY21vX2JpcnMvcHVibGljL2ltYWdlcy9iYW5uZXIyLmpwZyJdLFsicCIsInRodW1iIiwiMTE0MHgxMDgwIl1d/cfccc56f5bfa3e06/banner2.jpg 304
I, [2016-05-26T14:43:50.161055 #2784]  INFO -- : DRAGONFLY: GET /steam/dynamic/W1siZmYiLCIvaG9tZS9jbW8vY21vX2JpcnMvcHVibGljL2ltYWdlcy9iYW5uZXIzLmpwZyJdLFsicCIsInRodW1iIiwiMTE0MHgxMDgwIl1d/a5caa6a293747d3a/banner3.jpg 304
I, [2016-05-26T14:43:50.166489 #2784]  INFO -- : DRAGONFLY: GET /steam/dynamic/W1siZmYiLCIvaG9tZS9jbW8vY21vX2JpcnMvcHVibGljL2ltYWdlcy9iYW5uZXIuanBnIl0sWyJwIiwidGh1bWIiLCIxMTQweDEwODAiXV0/4adca55cca47d4b0/banner.jpg 304
I, [2016-05-26T14:43:50.168947 #2784]  INFO -- : DRAGONFLY: GET /steam/dynamic/W1siZmYiLCIvaG9tZS9jbW8vY21vX2JpcnMvcHVibGljL2ltYWdlcy9iYW5uZXI0LmpwZyJdLFsicCIsInRodW1iIiwiMTE0MHgxMDgwIl1d/b0558ff2befcc02b/banner4.jpg 304
I, [2016-05-26T14:50:26.942582 #2784]  INFO -- : DRAGONFLY: GET /steam/dynamic/W1siZmYiLCIvaG9tZS9jbW8vY21vX2JpcnMvcHVibGljL2ltYWdlcy9iYW5uZXIxLmpwZyJdLFsicCIsInRodW1iIiwiMTE0MHgxMDgwIl1d/253116d147cb3434/banner1.jpg 304
I, [2016-05-26T14:50:26.950313 #2784]  INFO -- : DRAGONFLY: GET /steam/dynamic/W1siZmYiLCIvaG9tZS9jbW8vY21vX2JpcnMvcHVibGljL2ltYWdlcy9iYW5uZXIyLmpwZyJdLFsicCIsInRodW1iIiwiMTE0MHgxMDgwIl1d/cfccc56f5bfa3e06/banner2.jpg 304
I, [2016-05-26T14:50:26.958093 #2784]  INFO -- : DRAGONFLY: GET /steam/dynamic/W1siZmYiLCIvaG9tZS9jbW8vY21vX2JpcnMvcHVibGljL2ltYWdlcy9iYW5uZXIzLmpwZyJdLFsicCIsInRodW1iIiwiMTE0MHgxMDgwIl1d/a5caa6a293747d3a/banner3.jpg 304
I, [2016-05-26T14:50:26.961171 #2784]  INFO -- : DRAGONFLY: GET /steam/dynamic/W1siZmYiLCIvaG9tZS9jbW8vY21vX2JpcnMvcHVibGljL2ltYWdlcy9iYW5uZXIuanBnIl0sWyJwIiwidGh1bWIiLCIxMTQweDEwODAiXV0/4adca55cca47d4b0/banner.jpg 304
I, [2016-05-26T14:50:26.968955 #2784]  INFO -- : DRAGONFLY: GET /steam/dynamic/W1siZmYiLCIvaG9tZS9jbW8vY21vX2JpcnMvcHVibGljL2ltYWdlcy9iYW5uZXI0LmpwZyJdLFsicCIsInRodW1iIiwiMTE0MHgxMDgwIl1d/b0558ff2befcc02b/banner4.jpg 304
I, [2016-05-27T20:38:54.714539 #2779]  INFO -- : DRAGONFLY: GET /steam/dynamic/W1siZmYiLCIvaG9tZS9jbW8vY21vX2JpcnMvcHVibGljL2ltYWdlcy9iYW5uZXIxLmpwZyJdLFsicCIsInRodW1iIiwiMTE0MHgxMDgwIl1d/253116d147cb3434/banner1.jpg 304
I, [2016-05-27T20:38:54.715368 #2779]  INFO -- : DRAGONFLY: GET /steam/dynamic/W1siZmYiLCIvaG9tZS9jbW8vY21vX2JpcnMvcHVibGljL2ltYWdlcy9iYW5uZXIyLmpwZyJdLFsicCIsInRodW1iIiwiMTE0MHgxMDgwIl1d/cfccc56f5bfa3e06/banner2.jpg 304
I, [2016-05-27T20:38:54.720221 #2779]  INFO -- : DRAGONFLY: GET /steam/dynamic/W1siZmYiLCIvaG9tZS9jbW8vY21vX2JpcnMvcHVibGljL2ltYWdlcy9iYW5uZXIzLmpwZyJdLFsicCIsInRodW1iIiwiMTE0MHgxMDgwIl1d/a5caa6a293747d3a/banner3.jpg 304
I, [2016-05-27T20:38:54.731144 #2779]  INFO -- : DRAGONFLY: GET /steam/dynamic/W1siZmYiLCIvaG9tZS9jbW8vY21vX2JpcnMvcHVibGljL2ltYWdlcy9iYW5uZXIuanBnIl0sWyJwIiwidGh1bWIiLCIxMTQweDEwODAiXV0/4adca55cca47d4b0/banner.jpg 304
I, [2016-05-27T20:38:54.739795 #2779]  INFO -- : DRAGONFLY: GET /steam/dynamic/W1siZmYiLCIvaG9tZS9jbW8vY21vX2JpcnMvcHVibGljL2ltYWdlcy9iYW5uZXI0LmpwZyJdLFsicCIsInRodW1iIiwiMTE0MHgxMDgwIl1d/b0558ff2befcc02b/banner4.jpg 304
I, [2016-05-27T20:41:02.882245 #2779]  INFO -- : DRAGONFLY: GET /steam/dynamic/W1siZmYiLCIvaG9tZS9jbW8vY21vX2JpcnMvcHVibGljL2ltYWdlcy9iYW5uZXIxLmpwZyJdLFsicCIsInRodW1iIiwiMTE0MHgxMDgwIl1d/253116d147cb3434/banner1.jpg 304
I, [2016-05-27T20:41:02.895691 #2779]  INFO -- : DRAGONFLY: GET /steam/dynamic/W1siZmYiLCIvaG9tZS9jbW8vY21vX2JpcnMvcHVibGljL2ltYWdlcy9iYW5uZXIyLmpwZyJdLFsicCIsInRodW1iIiwiMTE0MHgxMDgwIl1d/cfccc56f5bfa3e06/banner2.jpg 304
I, [2016-05-27T20:41:02.899807 #2779]  INFO -- : DRAGONFLY: GET /steam/dynamic/W1siZmYiLCIvaG9tZS9jbW8vY21vX2JpcnMvcHVibGljL2ltYWdlcy9iYW5uZXIzLmpwZyJdLFsicCIsInRodW1iIiwiMTE0MHgxMDgwIl1d/a5caa6a293747d3a/banner3.jpg 304
I, [2016-05-27T20:41:02.909904 #2779]  INFO -- : DRAGONFLY: GET /steam/dynamic/W1siZmYiLCIvaG9tZS9jbW8vY21vX2JpcnMvcHVibGljL2ltYWdlcy9iYW5uZXIuanBnIl0sWyJwIiwidGh1bWIiLCIxMTQweDEwODAiXV0/4adca55cca47d4b0/banner.jpg 304
I, [2016-05-27T20:41:02.926374 #2779]  INFO -- : DRAGONFLY: GET /steam/dynamic/W1siZmYiLCIvaG9tZS9jbW8vY21vX2JpcnMvcHVibGljL2ltYWdlcy9iYW5uZXI0LmpwZyJdLFsicCIsInRodW1iIiwiMTE0MHgxMDgwIl1d/b0558ff2befcc02b/banner4.jpg 304
I, [2016-05-27T20:49:48.659087 #2779]  INFO -- : DRAGONFLY: GET /steam/dynamic/W1siZmYiLCIvaG9tZS9jbW8vY21vX2JpcnMvcHVibGljL2ltYWdlcy9iYW5uZXIyLmpwZyJdLFsicCIsInRodW1iIiwiMTE0MHgxMDgwIl1d/cfccc56f5bfa3e06/banner2.jpg 304
I, [2016-05-27T20:49:48.659851 #2779]  INFO -- : DRAGONFLY: GET /steam/dynamic/W1siZmYiLCIvaG9tZS9jbW8vY21vX2JpcnMvcHVibGljL2ltYWdlcy9iYW5uZXIxLmpwZyJdLFsicCIsInRodW1iIiwiMTE0MHgxMDgwIl1d/253116d147cb3434/banner1.jpg 304
I, [2016-05-27T20:49:48.666931 #2779]  INFO -- : DRAGONFLY: GET /steam/dynamic/W1siZmYiLCIvaG9tZS9jbW8vY21vX2JpcnMvcHVibGljL2ltYWdlcy9iYW5uZXIuanBnIl0sWyJwIiwidGh1bWIiLCIxMTQweDEwODAiXV0/4adca55cca47d4b0/banner.jpg 304
I, [2016-05-27T20:49:48.667713 #2779]  INFO -- : DRAGONFLY: GET /steam/dynamic/W1siZmYiLCIvaG9tZS9jbW8vY21vX2JpcnMvcHVibGljL2ltYWdlcy9iYW5uZXI0LmpwZyJdLFsicCIsInRodW1iIiwiMTE0MHgxMDgwIl1d/b0558ff2befcc02b/banner4.jpg 304
I, [2016-05-27T20:49:48.675501 #2779]  INFO -- : DRAGONFLY: GET /steam/dynamic/W1siZmYiLCIvaG9tZS9jbW8vY21vX2JpcnMvcHVibGljL2ltYWdlcy9iYW5uZXIzLmpwZyJdLFsicCIsInRodW1iIiwiMTE0MHgxMDgwIl1d/a5caa6a293747d3a/banner3.jpg 304
I, [2016-05-27T20:50:09.431051 #2779]  INFO -- : DRAGONFLY: GET /steam/dynamic/W1siZmYiLCIvaG9tZS9jbW8vY21vX2JpcnMvcHVibGljL2ltYWdlcy9iYW5uZXIyLmpwZyJdLFsicCIsInRodW1iIiwiMTE0MHgxMDgwIl1d/cfccc56f5bfa3e06/banner2.jpg 304
I, [2016-05-27T20:50:09.438640 #2779]  INFO -- : DRAGONFLY: GET /steam/dynamic/W1siZmYiLCIvaG9tZS9jbW8vY21vX2JpcnMvcHVibGljL2ltYWdlcy9iYW5uZXIxLmpwZyJdLFsicCIsInRodW1iIiwiMTE0MHgxMDgwIl1d/253116d147cb3434/banner1.jpg 304
I, [2016-05-27T20:50:09.445054 #2779]  INFO -- : DRAGONFLY: GET /steam/dynamic/W1siZmYiLCIvaG9tZS9jbW8vY21vX2JpcnMvcHVibGljL2ltYWdlcy9iYW5uZXIzLmpwZyJdLFsicCIsInRodW1iIiwiMTE0MHgxMDgwIl1d/a5caa6a293747d3a/banner3.jpg 304
I, [2016-05-27T20:50:09.448057 #2779]  INFO -- : DRAGONFLY: GET /steam/dynamic/W1siZmYiLCIvaG9tZS9jbW8vY21vX2JpcnMvcHVibGljL2ltYWdlcy9iYW5uZXIuanBnIl0sWyJwIiwidGh1bWIiLCIxMTQweDEwODAiXV0/4adca55cca47d4b0/banner.jpg 304
I, [2016-05-27T20:50:09.456915 #2779]  INFO -- : DRAGONFLY: GET /steam/dynamic/W1siZmYiLCIvaG9tZS9jbW8vY21vX2JpcnMvcHVibGljL2ltYWdlcy9iYW5uZXI0LmpwZyJdLFsicCIsInRodW1iIiwiMTE0MHgxMDgwIl1d/b0558ff2befcc02b/banner4.jpg 304
I, [2016-05-27T20:50:56.688648 #2779]  INFO -- : DRAGONFLY: GET /steam/dynamic/W1siZmYiLCIvaG9tZS9jbW8vY21vX2JpcnMvcHVibGljL2ltYWdlcy9iYW5uZXIyLmpwZyJdLFsicCIsInRodW1iIiwiMTE0MHgxMDgwIl1d/cfccc56f5bfa3e06/banner2.jpg 304
I, [2016-05-27T20:50:56.697200 #2779]  INFO -- : DRAGONFLY: GET /steam/dynamic/W1siZmYiLCIvaG9tZS9jbW8vY21vX2JpcnMvcHVibGljL2ltYWdlcy9iYW5uZXIzLmpwZyJdLFsicCIsInRodW1iIiwiMTE0MHgxMDgwIl1d/a5caa6a293747d3a/banner3.jpg 304
I, [2016-05-27T20:50:56.702392 #2779]  INFO -- : DRAGONFLY: GET /steam/dynamic/W1siZmYiLCIvaG9tZS9jbW8vY21vX2JpcnMvcHVibGljL2ltYWdlcy9iYW5uZXIuanBnIl0sWyJwIiwidGh1bWIiLCIxMTQweDEwODAiXV0/4adca55cca47d4b0/banner.jpg 304
I, [2016-05-27T20:50:56.703146 #2779]  INFO -- : DRAGONFLY: GET /steam/dynamic/W1siZmYiLCIvaG9tZS9jbW8vY21vX2JpcnMvcHVibGljL2ltYWdlcy9iYW5uZXI0LmpwZyJdLFsicCIsInRodW1iIiwiMTE0MHgxMDgwIl1d/b0558ff2befcc02b/banner4.jpg 304
I, [2016-05-27T20:50:56.706909 #2779]  INFO -- : DRAGONFLY: GET /steam/dynamic/W1siZmYiLCIvaG9tZS9jbW8vY21vX2JpcnMvcHVibGljL2ltYWdlcy9iYW5uZXIxLmpwZyJdLFsicCIsInRodW1iIiwiMTE0MHgxMDgwIl1d/253116d147cb3434/banner1.jpg 304
I, [2016-05-27T20:53:13.922658 #2779]  INFO -- : DRAGONFLY: GET /steam/dynamic/W1siZmYiLCIvaG9tZS9jbW8vY21vX2JpcnMvcHVibGljL2ltYWdlcy9iYW5uZXIxLmpwZyJdLFsicCIsInRodW1iIiwiMTE0MHgxMDgwIl1d/253116d147cb3434/banner1.jpg 304
I, [2016-05-27T20:53:13.923980 #2779]  INFO -- : DRAGONFLY: GET /steam/dynamic/W1siZmYiLCIvaG9tZS9jbW8vY21vX2JpcnMvcHVibGljL2ltYWdlcy9iYW5uZXIyLmpwZyJdLFsicCIsInRodW1iIiwiMTE0MHgxMDgwIl1d/cfccc56f5bfa3e06/banner2.jpg 304
I, [2016-05-27T20:53:13.925647 #2779]  INFO -- : DRAGONFLY: GET /steam/dynamic/W1siZmYiLCIvaG9tZS9jbW8vY21vX2JpcnMvcHVibGljL2ltYWdlcy9iYW5uZXIzLmpwZyJdLFsicCIsInRodW1iIiwiMTE0MHgxMDgwIl1d/a5caa6a293747d3a/banner3.jpg 304
I, [2016-05-27T20:53:13.985334 #2779]  INFO -- : DRAGONFLY: GET /steam/dynamic/W1siZmYiLCIvaG9tZS9jbW8vY21vX2JpcnMvcHVibGljL2ltYWdlcy9iYW5uZXIuanBnIl0sWyJwIiwidGh1bWIiLCIxMTQweDEwODAiXV0/4adca55cca47d4b0/banner.jpg 304
I, [2016-05-27T20:53:13.991078 #2779]  INFO -- : DRAGONFLY: GET /steam/dynamic/W1siZmYiLCIvaG9tZS9jbW8vY21vX2JpcnMvcHVibGljL2ltYWdlcy9iYW5uZXI0LmpwZyJdLFsicCIsInRodW1iIiwiMTE0MHgxMDgwIl1d/b0558ff2befcc02b/banner4.jpg 304
I, [2016-05-27T20:53:27.904494 #2779]  INFO -- : DRAGONFLY: GET /steam/dynamic/W1siZmYiLCIvaG9tZS9jbW8vY21vX2JpcnMvcHVibGljL2ltYWdlcy9iYW5uZXIxLmpwZyJdLFsicCIsInRodW1iIiwiMTE0MHgxMDgwIl1d/253116d147cb3434/banner1.jpg 304
I, [2016-05-27T20:53:27.907189 #2779]  INFO -- : DRAGONFLY: GET /steam/dynamic/W1siZmYiLCIvaG9tZS9jbW8vY21vX2JpcnMvcHVibGljL2ltYWdlcy9iYW5uZXIyLmpwZyJdLFsicCIsInRodW1iIiwiMTE0MHgxMDgwIl1d/cfccc56f5bfa3e06/banner2.jpg 304
I, [2016-05-27T20:53:27.986405 #2779]  INFO -- : DRAGONFLY: GET /steam/dynamic/W1siZmYiLCIvaG9tZS9jbW8vY21vX2JpcnMvcHVibGljL2ltYWdlcy9iYW5uZXI0LmpwZyJdLFsicCIsInRodW1iIiwiMTE0MHgxMDgwIl1d/b0558ff2befcc02b/banner4.jpg 304
I, [2016-05-27T20:53:27.987635 #2779]  INFO -- : DRAGONFLY: GET /steam/dynamic/W1siZmYiLCIvaG9tZS9jbW8vY21vX2JpcnMvcHVibGljL2ltYWdlcy9iYW5uZXIuanBnIl0sWyJwIiwidGh1bWIiLCIxMTQweDEwODAiXV0/4adca55cca47d4b0/banner.jpg 304
I, [2016-05-27T20:53:27.989805 #2779]  INFO -- : DRAGONFLY: GET /steam/dynamic/W1siZmYiLCIvaG9tZS9jbW8vY21vX2JpcnMvcHVibGljL2ltYWdlcy9iYW5uZXIzLmpwZyJdLFsicCIsInRodW1iIiwiMTE0MHgxMDgwIl1d/a5caa6a293747d3a/banner3.jpg 304
I, [2016-05-27T20:55:22.477822 #2779]  INFO -- : DRAGONFLY: GET /steam/dynamic/W1siZmYiLCIvaG9tZS9jbW8vY21vX2JpcnMvcHVibGljL2ltYWdlcy9iYW5uZXIxLmpwZyJdLFsicCIsInRodW1iIiwiMTE0MHgxMDgwIl1d/253116d147cb3434/banner1.jpg 304
I, [2016-05-27T20:55:22.533503 #2779]  INFO -- : DRAGONFLY: GET /steam/dynamic/W1siZmYiLCIvaG9tZS9jbW8vY21vX2JpcnMvcHVibGljL2ltYWdlcy9iYW5uZXIyLmpwZyJdLFsicCIsInRodW1iIiwiMTE0MHgxMDgwIl1d/cfccc56f5bfa3e06/banner2.jpg 304
I, [2016-05-27T20:55:22.569624 #2779]  INFO -- : DRAGONFLY: GET /steam/dynamic/W1siZmYiLCIvaG9tZS9jbW8vY21vX2JpcnMvcHVibGljL2ltYWdlcy9iYW5uZXIzLmpwZyJdLFsicCIsInRodW1iIiwiMTE0MHgxMDgwIl1d/a5caa6a293747d3a/banner3.jpg 304
I, [2016-05-27T20:55:22.571290 #2779]  INFO -- : DRAGONFLY: GET /steam/dynamic/W1siZmYiLCIvaG9tZS9jbW8vY21vX2JpcnMvcHVibGljL2ltYWdlcy9iYW5uZXIuanBnIl0sWyJwIiwidGh1bWIiLCIxMTQweDEwODAiXV0/4adca55cca47d4b0/banner.jpg 304
I, [2016-05-27T20:55:22.574296 #2779]  INFO -- : DRAGONFLY: GET /steam/dynamic/W1siZmYiLCIvaG9tZS9jbW8vY21vX2JpcnMvcHVibGljL2ltYWdlcy9iYW5uZXI0LmpwZyJdLFsicCIsInRodW1iIiwiMTE0MHgxMDgwIl1d/b0558ff2befcc02b/banner4.jpg 304
I, [2016-05-27T21:01:32.184666 #2779]  INFO -- : DRAGONFLY: GET /steam/dynamic/W1siZmYiLCIvaG9tZS9jbW8vY21vX2JpcnMvcHVibGljL2ltYWdlcy9iYW5uZXIyLmpwZyJdLFsicCIsInRodW1iIiwiMTE0MHgxMDgwIl1d/cfccc56f5bfa3e06/banner2.jpg 304
I, [2016-05-27T21:01:32.186422 #2779]  INFO -- : DRAGONFLY: GET /steam/dynamic/W1siZmYiLCIvaG9tZS9jbW8vY21vX2JpcnMvcHVibGljL2ltYWdlcy9iYW5uZXIxLmpwZyJdLFsicCIsInRodW1iIiwiMTE0MHgxMDgwIl1d/253116d147cb3434/banner1.jpg 304
I, [2016-05-27T21:01:32.187951 #2779]  INFO -- : DRAGONFLY: GET /steam/dynamic/W1siZmYiLCIvaG9tZS9jbW8vY21vX2JpcnMvcHVibGljL2ltYWdlcy9iYW5uZXIzLmpwZyJdLFsicCIsInRodW1iIiwiMTE0MHgxMDgwIl1d/a5caa6a293747d3a/banner3.jpg 304
I, [2016-05-27T21:01:32.188415 #2779]  INFO -- : DRAGONFLY: GET /steam/dynamic/W1siZmYiLCIvaG9tZS9jbW8vY21vX2JpcnMvcHVibGljL2ltYWdlcy9iYW5uZXIuanBnIl0sWyJwIiwidGh1bWIiLCIxMTQweDEwODAiXV0/4adca55cca47d4b0/banner.jpg 304
I, [2016-05-27T21:01:32.189087 #2779]  INFO -- : DRAGONFLY: GET /steam/dynamic/W1siZmYiLCIvaG9tZS9jbW8vY21vX2JpcnMvcHVibGljL2ltYWdlcy9iYW5uZXI0LmpwZyJdLFsicCIsInRodW1iIiwiMTE0MHgxMDgwIl1d/b0558ff2befcc02b/banner4.jpg 304
I, [2016-05-27T21:02:25.495896 #2779]  INFO -- : DRAGONFLY: GET /steam/dynamic/W1siZmYiLCIvaG9tZS9jbW8vY21vX2JpcnMvcHVibGljL2ltYWdlcy9iYW5uZXIxLmpwZyJdLFsicCIsInRodW1iIiwiMTE0MHgxMDgwIl1d/253116d147cb3434/banner1.jpg 304
I, [2016-05-27T21:02:25.499647 #2779]  INFO -- : DRAGONFLY: GET /steam/dynamic/W1siZmYiLCIvaG9tZS9jbW8vY21vX2JpcnMvcHVibGljL2ltYWdlcy9iYW5uZXIyLmpwZyJdLFsicCIsInRodW1iIiwiMTE0MHgxMDgwIl1d/cfccc56f5bfa3e06/banner2.jpg 304
I, [2016-05-27T21:02:25.505975 #2779]  INFO -- : DRAGONFLY: GET /steam/dynamic/W1siZmYiLCIvaG9tZS9jbW8vY21vX2JpcnMvcHVibGljL2ltYWdlcy9iYW5uZXI0LmpwZyJdLFsicCIsInRodW1iIiwiMTE0MHgxMDgwIl1d/b0558ff2befcc02b/banner4.jpg 304
I, [2016-05-27T21:02:25.507672 #2779]  INFO -- : DRAGONFLY: GET /steam/dynamic/W1siZmYiLCIvaG9tZS9jbW8vY21vX2JpcnMvcHVibGljL2ltYWdlcy9iYW5uZXIzLmpwZyJdLFsicCIsInRodW1iIiwiMTE0MHgxMDgwIl1d/a5caa6a293747d3a/banner3.jpg 304
I, [2016-05-27T21:02:25.508137 #2779]  INFO -- : DRAGONFLY: GET /steam/dynamic/W1siZmYiLCIvaG9tZS9jbW8vY21vX2JpcnMvcHVibGljL2ltYWdlcy9iYW5uZXIuanBnIl0sWyJwIiwidGh1bWIiLCIxMTQweDEwODAiXV0/4adca55cca47d4b0/banner.jpg 304
I, [2016-05-27T21:05:59.814575 #2779]  INFO -- : DRAGONFLY: GET /steam/dynamic/W1siZmYiLCIvaG9tZS9jbW8vY21vX2JpcnMvcHVibGljL2ltYWdlcy9iYW5uZXIxLmpwZyJdLFsicCIsInRodW1iIiwiMTE0MHgxMDgwIl1d/253116d147cb3434/banner1.jpg 304
I, [2016-05-27T21:05:59.824909 #2779]  INFO -- : DRAGONFLY: GET /steam/dynamic/W1siZmYiLCIvaG9tZS9jbW8vY21vX2JpcnMvcHVibGljL2ltYWdlcy9iYW5uZXIyLmpwZyJdLFsicCIsInRodW1iIiwiMTE0MHgxMDgwIl1d/cfccc56f5bfa3e06/banner2.jpg 304
I, [2016-05-27T21:05:59.832183 #2779]  INFO -- : DRAGONFLY: GET /steam/dynamic/W1siZmYiLCIvaG9tZS9jbW8vY21vX2JpcnMvcHVibGljL2ltYWdlcy9iYW5uZXIzLmpwZyJdLFsicCIsInRodW1iIiwiMTE0MHgxMDgwIl1d/a5caa6a293747d3a/banner3.jpg 304
I, [2016-05-27T21:05:59.847317 #2779]  INFO -- : DRAGONFLY: GET /steam/dynamic/W1siZmYiLCIvaG9tZS9jbW8vY21vX2JpcnMvcHVibGljL2ltYWdlcy9iYW5uZXIuanBnIl0sWyJwIiwidGh1bWIiLCIxMTQweDEwODAiXV0/4adca55cca47d4b0/banner.jpg 304
I, [2016-05-27T21:05:59.853955 #2779]  INFO -- : DRAGONFLY: GET /steam/dynamic/W1siZmYiLCIvaG9tZS9jbW8vY21vX2JpcnMvcHVibGljL2ltYWdlcy9iYW5uZXI0LmpwZyJdLFsicCIsInRodW1iIiwiMTE0MHgxMDgwIl1d/b0558ff2befcc02b/banner4.jpg 304
I, [2016-05-27T21:08:12.515651 #2779]  INFO -- : DRAGONFLY: GET /steam/dynamic/W1siZmYiLCIvaG9tZS9jbW8vY21vX2JpcnMvcHVibGljL2ltYWdlcy9iYW5uZXIxLmpwZyJdLFsicCIsInRodW1iIiwiMTE0MHgxMDgwIl1d/253116d147cb3434/banner1.jpg 304
I, [2016-05-27T21:08:12.527529 #2779]  INFO -- : DRAGONFLY: GET /steam/dynamic/W1siZmYiLCIvaG9tZS9jbW8vY21vX2JpcnMvcHVibGljL2ltYWdlcy9iYW5uZXIyLmpwZyJdLFsicCIsInRodW1iIiwiMTE0MHgxMDgwIl1d/cfccc56f5bfa3e06/banner2.jpg 304
I, [2016-05-27T21:08:12.545611 #2779]  INFO -- : DRAGONFLY: GET /steam/dynamic/W1siZmYiLCIvaG9tZS9jbW8vY21vX2JpcnMvcHVibGljL2ltYWdlcy9iYW5uZXIzLmpwZyJdLFsicCIsInRodW1iIiwiMTE0MHgxMDgwIl1d/a5caa6a293747d3a/banner3.jpg 304
I, [2016-05-27T21:08:12.558974 #2779]  INFO -- : DRAGONFLY: GET /steam/dynamic/W1siZmYiLCIvaG9tZS9jbW8vY21vX2JpcnMvcHVibGljL2ltYWdlcy9iYW5uZXIuanBnIl0sWyJwIiwidGh1bWIiLCIxMTQweDEwODAiXV0/4adca55cca47d4b0/banner.jpg 304
I, [2016-05-27T21:08:12.573795 #2779]  INFO -- : DRAGONFLY: GET /steam/dynamic/W1siZmYiLCIvaG9tZS9jbW8vY21vX2JpcnMvcHVibGljL2ltYWdlcy9iYW5uZXI0LmpwZyJdLFsicCIsInRodW1iIiwiMTE0MHgxMDgwIl1d/b0558ff2befcc02b/banner4.jpg 304
I, [2016-05-27T21:08:20.739130 #2779]  INFO -- : DRAGONFLY: GET /steam/dynamic/W1siZmYiLCIvaG9tZS9jbW8vY21vX2JpcnMvcHVibGljL2ltYWdlcy9iYW5uZXIxLmpwZyJdLFsicCIsInRodW1iIiwiMTE0MHgxMDgwIl1d/253116d147cb3434/banner1.jpg 304
I, [2016-05-27T21:08:20.740686 #2779]  INFO -- : DRAGONFLY: GET /steam/dynamic/W1siZmYiLCIvaG9tZS9jbW8vY21vX2JpcnMvcHVibGljL2ltYWdlcy9iYW5uZXIyLmpwZyJdLFsicCIsInRodW1iIiwiMTE0MHgxMDgwIl1d/cfccc56f5bfa3e06/banner2.jpg 304
I, [2016-05-27T21:08:20.780019 #2779]  INFO -- : DRAGONFLY: GET /steam/dynamic/W1siZmYiLCIvaG9tZS9jbW8vY21vX2JpcnMvcHVibGljL2ltYWdlcy9iYW5uZXIzLmpwZyJdLFsicCIsInRodW1iIiwiMTE0MHgxMDgwIl1d/a5caa6a293747d3a/banner3.jpg 304
I, [2016-05-27T21:08:20.782815 #2779]  INFO -- : DRAGONFLY: GET /steam/dynamic/W1siZmYiLCIvaG9tZS9jbW8vY21vX2JpcnMvcHVibGljL2ltYWdlcy9iYW5uZXIuanBnIl0sWyJwIiwidGh1bWIiLCIxMTQweDEwODAiXV0/4adca55cca47d4b0/banner.jpg 304
I, [2016-05-27T21:08:20.786809 #2779]  INFO -- : DRAGONFLY: GET /steam/dynamic/W1siZmYiLCIvaG9tZS9jbW8vY21vX2JpcnMvcHVibGljL2ltYWdlcy9iYW5uZXI0LmpwZyJdLFsicCIsInRodW1iIiwiMTE0MHgxMDgwIl1d/b0558ff2befcc02b/banner4.jpg 304
I, [2016-05-27T21:08:58.846708 #2779]  INFO -- : DRAGONFLY: GET /steam/dynamic/W1siZmYiLCIvaG9tZS9jbW8vY21vX2JpcnMvcHVibGljL2ltYWdlcy9iYW5uZXIxLmpwZyJdLFsicCIsInRodW1iIiwiMTE0MHgxMDgwIl1d/253116d147cb3434/banner1.jpg 304
I, [2016-05-27T21:08:58.855267 #2779]  INFO -- : DRAGONFLY: GET /steam/dynamic/W1siZmYiLCIvaG9tZS9jbW8vY21vX2JpcnMvcHVibGljL2ltYWdlcy9iYW5uZXIyLmpwZyJdLFsicCIsInRodW1iIiwiMTE0MHgxMDgwIl1d/cfccc56f5bfa3e06/banner2.jpg 304
I, [2016-05-27T21:08:58.917027 #2779]  INFO -- : DRAGONFLY: GET /steam/dynamic/W1siZmYiLCIvaG9tZS9jbW8vY21vX2JpcnMvcHVibGljL2ltYWdlcy9iYW5uZXI0LmpwZyJdLFsicCIsInRodW1iIiwiMTE0MHgxMDgwIl1d/b0558ff2befcc02b/banner4.jpg 304
I, [2016-05-27T21:08:58.919364 #2779]  INFO -- : DRAGONFLY: GET /steam/dynamic/W1siZmYiLCIvaG9tZS9jbW8vY21vX2JpcnMvcHVibGljL2ltYWdlcy9iYW5uZXIuanBnIl0sWyJwIiwidGh1bWIiLCIxMTQweDEwODAiXV0/4adca55cca47d4b0/banner.jpg 304
I, [2016-05-27T21:08:58.922362 #2779]  INFO -- : DRAGONFLY: GET /steam/dynamic/W1siZmYiLCIvaG9tZS9jbW8vY21vX2JpcnMvcHVibGljL2ltYWdlcy9iYW5uZXIzLmpwZyJdLFsicCIsInRodW1iIiwiMTE0MHgxMDgwIl1d/a5caa6a293747d3a/banner3.jpg 304
I, [2016-05-27T21:09:18.852074 #2779]  INFO -- : DRAGONFLY: GET /steam/dynamic/W1siZmYiLCIvaG9tZS9jbW8vY21vX2JpcnMvcHVibGljL2ltYWdlcy9iYW5uZXIxLmpwZyJdLFsicCIsInRodW1iIiwiMTE0MHgxMDgwIl1d/253116d147cb3434/banner1.jpg 304
I, [2016-05-27T21:09:18.871664 #2779]  INFO -- : DRAGONFLY: GET /steam/dynamic/W1siZmYiLCIvaG9tZS9jbW8vY21vX2JpcnMvcHVibGljL2ltYWdlcy9iYW5uZXIyLmpwZyJdLFsicCIsInRodW1iIiwiMTE0MHgxMDgwIl1d/cfccc56f5bfa3e06/banner2.jpg 304
I, [2016-05-27T21:09:18.928637 #2779]  INFO -- : DRAGONFLY: GET /steam/dynamic/W1siZmYiLCIvaG9tZS9jbW8vY21vX2JpcnMvcHVibGljL2ltYWdlcy9iYW5uZXI0LmpwZyJdLFsicCIsInRodW1iIiwiMTE0MHgxMDgwIl1d/b0558ff2befcc02b/banner4.jpg 304
I, [2016-05-27T21:09:18.930668 #2779]  INFO -- : DRAGONFLY: GET /steam/dynamic/W1siZmYiLCIvaG9tZS9jbW8vY21vX2JpcnMvcHVibGljL2ltYWdlcy9iYW5uZXIuanBnIl0sWyJwIiwidGh1bWIiLCIxMTQweDEwODAiXV0/4adca55cca47d4b0/banner.jpg 304
I, [2016-05-27T21:09:18.934027 #2779]  INFO -- : DRAGONFLY: GET /steam/dynamic/W1siZmYiLCIvaG9tZS9jbW8vY21vX2JpcnMvcHVibGljL2ltYWdlcy9iYW5uZXIzLmpwZyJdLFsicCIsInRodW1iIiwiMTE0MHgxMDgwIl1d/a5caa6a293747d3a/banner3.jpg 304
I, [2016-05-27T21:09:50.906880 #2779]  INFO -- : DRAGONFLY: GET /steam/dynamic/W1siZmYiLCIvaG9tZS9jbW8vY21vX2JpcnMvcHVibGljL2ltYWdlcy9iYW5uZXIxLmpwZyJdLFsicCIsInRodW1iIiwiMTE0MHgxMDgwIl1d/253116d147cb3434/banner1.jpg 304
I, [2016-05-27T21:09:50.908908 #2779]  INFO -- : DRAGONFLY: GET /steam/dynamic/W1siZmYiLCIvaG9tZS9jbW8vY21vX2JpcnMvcHVibGljL2ltYWdlcy9iYW5uZXIyLmpwZyJdLFsicCIsInRodW1iIiwiMTE0MHgxMDgwIl1d/cfccc56f5bfa3e06/banner2.jpg 304
I, [2016-05-27T21:09:50.914704 #2779]  INFO -- : DRAGONFLY: GET /steam/dynamic/W1siZmYiLCIvaG9tZS9jbW8vY21vX2JpcnMvcHVibGljL2ltYWdlcy9iYW5uZXIzLmpwZyJdLFsicCIsInRodW1iIiwiMTE0MHgxMDgwIl1d/a5caa6a293747d3a/banner3.jpg 304
I, [2016-05-27T21:09:50.931303 #2779]  INFO -- : DRAGONFLY: GET /steam/dynamic/W1siZmYiLCIvaG9tZS9jbW8vY21vX2JpcnMvcHVibGljL2ltYWdlcy9iYW5uZXIuanBnIl0sWyJwIiwidGh1bWIiLCIxMTQweDEwODAiXV0/4adca55cca47d4b0/banner.jpg 304
I, [2016-05-27T21:09:50.996850 #2779]  INFO -- : DRAGONFLY: GET /steam/dynamic/W1siZmYiLCIvaG9tZS9jbW8vY21vX2JpcnMvcHVibGljL2ltYWdlcy9iYW5uZXI0LmpwZyJdLFsicCIsInRodW1iIiwiMTE0MHgxMDgwIl1d/b0558ff2befcc02b/banner4.jpg 304
I, [2016-05-27T21:10:26.975671 #2779]  INFO -- : DRAGONFLY: GET /steam/dynamic/W1siZmYiLCIvaG9tZS9jbW8vY21vX2JpcnMvcHVibGljL2ltYWdlcy9iYW5uZXIxLmpwZyJdLFsicCIsInRodW1iIiwiMTE0MHgxMDgwIl1d/253116d147cb3434/banner1.jpg 304
I, [2016-05-27T21:10:26.978673 #2779]  INFO -- : DRAGONFLY: GET /steam/dynamic/W1siZmYiLCIvaG9tZS9jbW8vY21vX2JpcnMvcHVibGljL2ltYWdlcy9iYW5uZXIyLmpwZyJdLFsicCIsInRodW1iIiwiMTE0MHgxMDgwIl1d/cfccc56f5bfa3e06/banner2.jpg 304
I, [2016-05-27T21:10:27.010888 #2779]  INFO -- : DRAGONFLY: GET /steam/dynamic/W1siZmYiLCIvaG9tZS9jbW8vY21vX2JpcnMvcHVibGljL2ltYWdlcy9iYW5uZXIzLmpwZyJdLFsicCIsInRodW1iIiwiMTE0MHgxMDgwIl1d/a5caa6a293747d3a/banner3.jpg 304
I, [2016-05-27T21:10:27.012132 #2779]  INFO -- : DRAGONFLY: GET /steam/dynamic/W1siZmYiLCIvaG9tZS9jbW8vY21vX2JpcnMvcHVibGljL2ltYWdlcy9iYW5uZXIuanBnIl0sWyJwIiwidGh1bWIiLCIxMTQweDEwODAiXV0/4adca55cca47d4b0/banner.jpg 304
I, [2016-05-27T21:10:27.034655 #2779]  INFO -- : DRAGONFLY: GET /steam/dynamic/W1siZmYiLCIvaG9tZS9jbW8vY21vX2JpcnMvcHVibGljL2ltYWdlcy9iYW5uZXI0LmpwZyJdLFsicCIsInRodW1iIiwiMTE0MHgxMDgwIl1d/b0558ff2befcc02b/banner4.jpg 304
I, [2016-05-27T21:10:50.274295 #2779]  INFO -- : DRAGONFLY: GET /steam/dynamic/W1siZmYiLCIvaG9tZS9jbW8vY21vX2JpcnMvcHVibGljL2ltYWdlcy9iYW5uZXIxLmpwZyJdLFsicCIsInRodW1iIiwiMTE0MHgxMDgwIl1d/253116d147cb3434/banner1.jpg 304
I, [2016-05-27T21:10:50.276228 #2779]  INFO -- : DRAGONFLY: GET /steam/dynamic/W1siZmYiLCIvaG9tZS9jbW8vY21vX2JpcnMvcHVibGljL2ltYWdlcy9iYW5uZXIyLmpwZyJdLFsicCIsInRodW1iIiwiMTE0MHgxMDgwIl1d/cfccc56f5bfa3e06/banner2.jpg 304
I, [2016-05-27T21:10:50.278924 #2779]  INFO -- : DRAGONFLY: GET /steam/dynamic/W1siZmYiLCIvaG9tZS9jbW8vY21vX2JpcnMvcHVibGljL2ltYWdlcy9iYW5uZXIzLmpwZyJdLFsicCIsInRodW1iIiwiMTE0MHgxMDgwIl1d/a5caa6a293747d3a/banner3.jpg 304
I, [2016-05-27T21:10:50.322003 #2779]  INFO -- : DRAGONFLY: GET /steam/dynamic/W1siZmYiLCIvaG9tZS9jbW8vY21vX2JpcnMvcHVibGljL2ltYWdlcy9iYW5uZXIuanBnIl0sWyJwIiwidGh1bWIiLCIxMTQweDEwODAiXV0/4adca55cca47d4b0/banner.jpg 304
I, [2016-05-27T21:10:50.358063 #2779]  INFO -- : DRAGONFLY: GET /steam/dynamic/W1siZmYiLCIvaG9tZS9jbW8vY21vX2JpcnMvcHVibGljL2ltYWdlcy9iYW5uZXI0LmpwZyJdLFsicCIsInRodW1iIiwiMTE0MHgxMDgwIl1d/b0558ff2befcc02b/banner4.jpg 304
I, [2016-05-27T21:10:55.935098 #2779]  INFO -- : DRAGONFLY: GET /steam/dynamic/W1siZmYiLCIvaG9tZS9jbW8vY21vX2JpcnMvcHVibGljL2ltYWdlcy9iYW5uZXIxLmpwZyJdLFsicCIsInRodW1iIiwiMTE0MHgxMDgwIl1d/253116d147cb3434/banner1.jpg 304
I, [2016-05-27T21:10:55.974160 #2779]  INFO -- : DRAGONFLY: GET /steam/dynamic/W1siZmYiLCIvaG9tZS9jbW8vY21vX2JpcnMvcHVibGljL2ltYWdlcy9iYW5uZXIyLmpwZyJdLFsicCIsInRodW1iIiwiMTE0MHgxMDgwIl1d/cfccc56f5bfa3e06/banner2.jpg 304
I, [2016-05-27T21:10:55.975556 #2779]  INFO -- : DRAGONFLY: GET /steam/dynamic/W1siZmYiLCIvaG9tZS9jbW8vY21vX2JpcnMvcHVibGljL2ltYWdlcy9iYW5uZXIzLmpwZyJdLFsicCIsInRodW1iIiwiMTE0MHgxMDgwIl1d/a5caa6a293747d3a/banner3.jpg 304
I, [2016-05-27T21:10:55.979371 #2779]  INFO -- : DRAGONFLY: GET /steam/dynamic/W1siZmYiLCIvaG9tZS9jbW8vY21vX2JpcnMvcHVibGljL2ltYWdlcy9iYW5uZXI0LmpwZyJdLFsicCIsInRodW1iIiwiMTE0MHgxMDgwIl1d/b0558ff2befcc02b/banner4.jpg 304
I, [2016-05-27T21:10:55.981387 #2779]  INFO -- : DRAGONFLY: GET /steam/dynamic/W1siZmYiLCIvaG9tZS9jbW8vY21vX2JpcnMvcHVibGljL2ltYWdlcy9iYW5uZXIuanBnIl0sWyJwIiwidGh1bWIiLCIxMTQweDEwODAiXV0/4adca55cca47d4b0/banner.jpg 304
I, [2016-05-27T21:11:17.850036 #2779]  INFO -- : DRAGONFLY: GET /steam/dynamic/W1siZmYiLCIvaG9tZS9jbW8vY21vX2JpcnMvcHVibGljL2ltYWdlcy9iYW5uZXIxLmpwZyJdLFsicCIsInRodW1iIiwiMTE0MHgxMDgwIl1d/253116d147cb3434/banner1.jpg 304
I, [2016-05-27T21:11:17.859600 #2779]  INFO -- : DRAGONFLY: GET /steam/dynamic/W1siZmYiLCIvaG9tZS9jbW8vY21vX2JpcnMvcHVibGljL2ltYWdlcy9iYW5uZXIyLmpwZyJdLFsicCIsInRodW1iIiwiMTE0MHgxMDgwIl1d/cfccc56f5bfa3e06/banner2.jpg 304
I, [2016-05-27T21:11:17.871473 #2779]  INFO -- : DRAGONFLY: GET /steam/dynamic/W1siZmYiLCIvaG9tZS9jbW8vY21vX2JpcnMvcHVibGljL2ltYWdlcy9iYW5uZXIzLmpwZyJdLFsicCIsInRodW1iIiwiMTE0MHgxMDgwIl1d/a5caa6a293747d3a/banner3.jpg 304
I, [2016-05-27T21:11:17.882926 #2779]  INFO -- : DRAGONFLY: GET /steam/dynamic/W1siZmYiLCIvaG9tZS9jbW8vY21vX2JpcnMvcHVibGljL2ltYWdlcy9iYW5uZXIuanBnIl0sWyJwIiwidGh1bWIiLCIxMTQweDEwODAiXV0/4adca55cca47d4b0/banner.jpg 304
I, [2016-05-27T21:11:17.889980 #2779]  INFO -- : DRAGONFLY: GET /steam/dynamic/W1siZmYiLCIvaG9tZS9jbW8vY21vX2JpcnMvcHVibGljL2ltYWdlcy9iYW5uZXI0LmpwZyJdLFsicCIsInRodW1iIiwiMTE0MHgxMDgwIl1d/b0558ff2befcc02b/banner4.jpg 304
I, [2016-05-27T21:11:37.037578 #2779]  INFO -- : DRAGONFLY: GET /steam/dynamic/W1siZmYiLCIvaG9tZS9jbW8vY21vX2JpcnMvcHVibGljL2ltYWdlcy9iYW5uZXIxLmpwZyJdLFsicCIsInRodW1iIiwiMTE0MHgxMDgwIl1d/253116d147cb3434/banner1.jpg 304
I, [2016-05-27T21:11:37.051767 #2779]  INFO -- : DRAGONFLY: GET /steam/dynamic/W1siZmYiLCIvaG9tZS9jbW8vY21vX2JpcnMvcHVibGljL2ltYWdlcy9iYW5uZXIyLmpwZyJdLFsicCIsInRodW1iIiwiMTE0MHgxMDgwIl1d/cfccc56f5bfa3e06/banner2.jpg 304
I, [2016-05-27T21:11:37.067646 #2779]  INFO -- : DRAGONFLY: GET /steam/dynamic/W1siZmYiLCIvaG9tZS9jbW8vY21vX2JpcnMvcHVibGljL2ltYWdlcy9iYW5uZXIzLmpwZyJdLFsicCIsInRodW1iIiwiMTE0MHgxMDgwIl1d/a5caa6a293747d3a/banner3.jpg 304
I, [2016-05-27T21:11:37.086949 #2779]  INFO -- : DRAGONFLY: GET /steam/dynamic/W1siZmYiLCIvaG9tZS9jbW8vY21vX2JpcnMvcHVibGljL2ltYWdlcy9iYW5uZXIuanBnIl0sWyJwIiwidGh1bWIiLCIxMTQweDEwODAiXV0/4adca55cca47d4b0/banner.jpg 304
I, [2016-05-27T21:11:37.093804 #2779]  INFO -- : DRAGONFLY: GET /steam/dynamic/W1siZmYiLCIvaG9tZS9jbW8vY21vX2JpcnMvcHVibGljL2ltYWdlcy9iYW5uZXI0LmpwZyJdLFsicCIsInRodW1iIiwiMTE0MHgxMDgwIl1d/b0558ff2befcc02b/banner4.jpg 304
I, [2016-05-27T21:12:11.670630 #2779]  INFO -- : DRAGONFLY: GET /steam/dynamic/W1siZmYiLCIvaG9tZS9jbW8vY21vX2JpcnMvcHVibGljL2ltYWdlcy9iYW5uZXIxLmpwZyJdLFsicCIsInRodW1iIiwiMTE0MHgxMDgwIl1d/253116d147cb3434/banner1.jpg 304
I, [2016-05-27T21:12:11.682454 #2779]  INFO -- : DRAGONFLY: GET /steam/dynamic/W1siZmYiLCIvaG9tZS9jbW8vY21vX2JpcnMvcHVibGljL2ltYWdlcy9iYW5uZXIyLmpwZyJdLFsicCIsInRodW1iIiwiMTE0MHgxMDgwIl1d/cfccc56f5bfa3e06/banner2.jpg 304
I, [2016-05-27T21:12:11.690318 #2779]  INFO -- : DRAGONFLY: GET /steam/dynamic/W1siZmYiLCIvaG9tZS9jbW8vY21vX2JpcnMvcHVibGljL2ltYWdlcy9iYW5uZXIzLmpwZyJdLFsicCIsInRodW1iIiwiMTE0MHgxMDgwIl1d/a5caa6a293747d3a/banner3.jpg 304
I, [2016-05-27T21:12:11.703187 #2779]  INFO -- : DRAGONFLY: GET /steam/dynamic/W1siZmYiLCIvaG9tZS9jbW8vY21vX2JpcnMvcHVibGljL2ltYWdlcy9iYW5uZXIuanBnIl0sWyJwIiwidGh1bWIiLCIxMTQweDEwODAiXV0/4adca55cca47d4b0/banner.jpg 304
I, [2016-05-27T21:12:11.710690 #2779]  INFO -- : DRAGONFLY: GET /steam/dynamic/W1siZmYiLCIvaG9tZS9jbW8vY21vX2JpcnMvcHVibGljL2ltYWdlcy9iYW5uZXI0LmpwZyJdLFsicCIsInRodW1iIiwiMTE0MHgxMDgwIl1d/b0558ff2befcc02b/banner4.jpg 304
I, [2016-05-27T21:12:26.167313 #2779]  INFO -- : DRAGONFLY: GET /steam/dynamic/W1siZmYiLCIvaG9tZS9jbW8vY21vX2JpcnMvcHVibGljL2ltYWdlcy9iYW5uZXIxLmpwZyJdLFsicCIsInRodW1iIiwiMTE0MHgxMDgwIl1d/253116d147cb3434/banner1.jpg 304
I, [2016-05-27T21:12:26.176413 #2779]  INFO -- : DRAGONFLY: GET /steam/dynamic/W1siZmYiLCIvaG9tZS9jbW8vY21vX2JpcnMvcHVibGljL2ltYWdlcy9iYW5uZXIyLmpwZyJdLFsicCIsInRodW1iIiwiMTE0MHgxMDgwIl1d/cfccc56f5bfa3e06/banner2.jpg 304
I, [2016-05-27T21:12:26.187707 #2779]  INFO -- : DRAGONFLY: GET /steam/dynamic/W1siZmYiLCIvaG9tZS9jbW8vY21vX2JpcnMvcHVibGljL2ltYWdlcy9iYW5uZXIzLmpwZyJdLFsicCIsInRodW1iIiwiMTE0MHgxMDgwIl1d/a5caa6a293747d3a/banner3.jpg 304
I, [2016-05-27T21:12:26.197643 #2779]  INFO -- : DRAGONFLY: GET /steam/dynamic/W1siZmYiLCIvaG9tZS9jbW8vY21vX2JpcnMvcHVibGljL2ltYWdlcy9iYW5uZXIuanBnIl0sWyJwIiwidGh1bWIiLCIxMTQweDEwODAiXV0/4adca55cca47d4b0/banner.jpg 304
I, [2016-05-27T21:12:26.203196 #2779]  INFO -- : DRAGONFLY: GET /steam/dynamic/W1siZmYiLCIvaG9tZS9jbW8vY21vX2JpcnMvcHVibGljL2ltYWdlcy9iYW5uZXI0LmpwZyJdLFsicCIsInRodW1iIiwiMTE0MHgxMDgwIl1d/b0558ff2befcc02b/banner4.jpg 304
I, [2016-05-27T21:19:58.800365 #2779]  INFO -- : DRAGONFLY: GET /steam/dynamic/W1siZmYiLCIvaG9tZS9jbW8vY21vX2JpcnMvcHVibGljL2ltYWdlcy9iYW5uZXIxLmpwZyJdLFsicCIsInRodW1iIiwiMTE0MHgxMDgwIl1d/253116d147cb3434/banner1.jpg 304
I, [2016-05-27T21:19:58.816214 #2779]  INFO -- : DRAGONFLY: GET /steam/dynamic/W1siZmYiLCIvaG9tZS9jbW8vY21vX2JpcnMvcHVibGljL2ltYWdlcy9iYW5uZXIyLmpwZyJdLFsicCIsInRodW1iIiwiMTE0MHgxMDgwIl1d/cfccc56f5bfa3e06/banner2.jpg 304
I, [2016-05-27T21:19:58.831560 #2779]  INFO -- : DRAGONFLY: GET /steam/dynamic/W1siZmYiLCIvaG9tZS9jbW8vY21vX2JpcnMvcHVibGljL2ltYWdlcy9iYW5uZXIzLmpwZyJdLFsicCIsInRodW1iIiwiMTE0MHgxMDgwIl1d/a5caa6a293747d3a/banner3.jpg 304
I, [2016-05-27T21:19:58.848398 #2779]  INFO -- : DRAGONFLY: GET /steam/dynamic/W1siZmYiLCIvaG9tZS9jbW8vY21vX2JpcnMvcHVibGljL2ltYWdlcy9iYW5uZXIuanBnIl0sWyJwIiwidGh1bWIiLCIxMTQweDEwODAiXV0/4adca55cca47d4b0/banner.jpg 304
I, [2016-05-27T21:19:58.867244 #2779]  INFO -- : DRAGONFLY: GET /steam/dynamic/W1siZmYiLCIvaG9tZS9jbW8vY21vX2JpcnMvcHVibGljL2ltYWdlcy9iYW5uZXI0LmpwZyJdLFsicCIsInRodW1iIiwiMTE0MHgxMDgwIl1d/b0558ff2befcc02b/banner4.jpg 304
I, [2016-05-27T21:21:37.498759 #2779]  INFO -- : DRAGONFLY: GET /steam/dynamic/W1siZmYiLCIvaG9tZS9jbW8vY21vX2JpcnMvcHVibGljL2ltYWdlcy9iYW5uZXIxLmpwZyJdLFsicCIsInRodW1iIiwiMTE0MHgxMDgwIl1d/253116d147cb3434/banner1.jpg 304
I, [2016-05-27T21:21:37.514653 #2779]  INFO -- : DRAGONFLY: GET /steam/dynamic/W1siZmYiLCIvaG9tZS9jbW8vY21vX2JpcnMvcHVibGljL2ltYWdlcy9iYW5uZXIyLmpwZyJdLFsicCIsInRodW1iIiwiMTE0MHgxMDgwIl1d/cfccc56f5bfa3e06/banner2.jpg 304
I, [2016-05-27T21:21:37.530057 #2779]  INFO -- : DRAGONFLY: GET /steam/dynamic/W1siZmYiLCIvaG9tZS9jbW8vY21vX2JpcnMvcHVibGljL2ltYWdlcy9iYW5uZXIzLmpwZyJdLFsicCIsInRodW1iIiwiMTE0MHgxMDgwIl1d/a5caa6a293747d3a/banner3.jpg 304
I, [2016-05-27T21:21:37.548160 #2779]  INFO -- : DRAGONFLY: GET /steam/dynamic/W1siZmYiLCIvaG9tZS9jbW8vY21vX2JpcnMvcHVibGljL2ltYWdlcy9iYW5uZXIuanBnIl0sWyJwIiwidGh1bWIiLCIxMTQweDEwODAiXV0/4adca55cca47d4b0/banner.jpg 304
I, [2016-05-27T21:21:37.568320 #2779]  INFO -- : DRAGONFLY: GET /steam/dynamic/W1siZmYiLCIvaG9tZS9jbW8vY21vX2JpcnMvcHVibGljL2ltYWdlcy9iYW5uZXI0LmpwZyJdLFsicCIsInRodW1iIiwiMTE0MHgxMDgwIl1d/b0558ff2befcc02b/banner4.jpg 304
I, [2016-05-27T21:22:57.965079 #2779]  INFO -- : DRAGONFLY: GET /steam/dynamic/W1siZmYiLCIvaG9tZS9jbW8vY21vX2JpcnMvcHVibGljL2ltYWdlcy9iYW5uZXIxLmpwZyJdLFsicCIsInRodW1iIiwiMTE0MHgxMDgwIl1d/253116d147cb3434/banner1.jpg 304
I, [2016-05-27T21:22:57.982954 #2779]  INFO -- : DRAGONFLY: GET /steam/dynamic/W1siZmYiLCIvaG9tZS9jbW8vY21vX2JpcnMvcHVibGljL2ltYWdlcy9iYW5uZXIyLmpwZyJdLFsicCIsInRodW1iIiwiMTE0MHgxMDgwIl1d/cfccc56f5bfa3e06/banner2.jpg 304
I, [2016-05-27T21:22:57.999128 #2779]  INFO -- : DRAGONFLY: GET /steam/dynamic/W1siZmYiLCIvaG9tZS9jbW8vY21vX2JpcnMvcHVibGljL2ltYWdlcy9iYW5uZXIzLmpwZyJdLFsicCIsInRodW1iIiwiMTE0MHgxMDgwIl1d/a5caa6a293747d3a/banner3.jpg 304
I, [2016-05-27T21:22:58.024124 #2779]  INFO -- : DRAGONFLY: GET /steam/dynamic/W1siZmYiLCIvaG9tZS9jbW8vY21vX2JpcnMvcHVibGljL2ltYWdlcy9iYW5uZXIuanBnIl0sWyJwIiwidGh1bWIiLCIxMTQweDEwODAiXV0/4adca55cca47d4b0/banner.jpg 304
I, [2016-05-27T21:22:58.038603 #2779]  INFO -- : DRAGONFLY: GET /steam/dynamic/W1siZmYiLCIvaG9tZS9jbW8vY21vX2JpcnMvcHVibGljL2ltYWdlcy9iYW5uZXI0LmpwZyJdLFsicCIsInRodW1iIiwiMTE0MHgxMDgwIl1d/b0558ff2befcc02b/banner4.jpg 304
I, [2016-05-27T21:24:44.764477 #2779]  INFO -- : DRAGONFLY: GET /steam/dynamic/W1siZmYiLCIvaG9tZS9jbW8vY21vX2JpcnMvcHVibGljL2ltYWdlcy9iYW5uZXIxLmpwZyJdLFsicCIsInRodW1iIiwiMTE0MHgxMDgwIl1d/253116d147cb3434/banner1.jpg 304
I, [2016-05-27T21:24:44.775566 #2779]  INFO -- : DRAGONFLY: GET /steam/dynamic/W1siZmYiLCIvaG9tZS9jbW8vY21vX2JpcnMvcHVibGljL2ltYWdlcy9iYW5uZXIyLmpwZyJdLFsicCIsInRodW1iIiwiMTE0MHgxMDgwIl1d/cfccc56f5bfa3e06/banner2.jpg 304
I, [2016-05-27T21:24:44.791874 #2779]  INFO -- : DRAGONFLY: GET /steam/dynamic/W1siZmYiLCIvaG9tZS9jbW8vY21vX2JpcnMvcHVibGljL2ltYWdlcy9iYW5uZXIzLmpwZyJdLFsicCIsInRodW1iIiwiMTE0MHgxMDgwIl1d/a5caa6a293747d3a/banner3.jpg 304
I, [2016-05-27T21:24:44.810442 #2779]  INFO -- : DRAGONFLY: GET /steam/dynamic/W1siZmYiLCIvaG9tZS9jbW8vY21vX2JpcnMvcHVibGljL2ltYWdlcy9iYW5uZXIuanBnIl0sWyJwIiwidGh1bWIiLCIxMTQweDEwODAiXV0/4adca55cca47d4b0/banner.jpg 304
I, [2016-05-27T21:24:44.817343 #2779]  INFO -- : DRAGONFLY: GET /steam/dynamic/W1siZmYiLCIvaG9tZS9jbW8vY21vX2JpcnMvcHVibGljL2ltYWdlcy9iYW5uZXI0LmpwZyJdLFsicCIsInRodW1iIiwiMTE0MHgxMDgwIl1d/b0558ff2befcc02b/banner4.jpg 304
I, [2016-05-27T21:25:47.417176 #2779]  INFO -- : DRAGONFLY: GET /steam/dynamic/W1siZmYiLCIvaG9tZS9jbW8vY21vX2JpcnMvcHVibGljL2ltYWdlcy9iYW5uZXIxLmpwZyJdLFsicCIsInRodW1iIiwiMTE0MHgxMDgwIl1d/253116d147cb3434/banner1.jpg 304
I, [2016-05-27T21:25:47.429293 #2779]  INFO -- : DRAGONFLY: GET /steam/dynamic/W1siZmYiLCIvaG9tZS9jbW8vY21vX2JpcnMvcHVibGljL2ltYWdlcy9iYW5uZXIyLmpwZyJdLFsicCIsInRodW1iIiwiMTE0MHgxMDgwIl1d/cfccc56f5bfa3e06/banner2.jpg 304
I, [2016-05-27T21:25:47.437778 #2779]  INFO -- : DRAGONFLY: GET /steam/dynamic/W1siZmYiLCIvaG9tZS9jbW8vY21vX2JpcnMvcHVibGljL2ltYWdlcy9iYW5uZXIzLmpwZyJdLFsicCIsInRodW1iIiwiMTE0MHgxMDgwIl1d/a5caa6a293747d3a/banner3.jpg 304
I, [2016-05-27T21:25:47.448896 #2779]  INFO -- : DRAGONFLY: GET /steam/dynamic/W1siZmYiLCIvaG9tZS9jbW8vY21vX2JpcnMvcHVibGljL2ltYWdlcy9iYW5uZXIuanBnIl0sWyJwIiwidGh1bWIiLCIxMTQweDEwODAiXV0/4adca55cca47d4b0/banner.jpg 304
I, [2016-05-27T21:25:47.455346 #2779]  INFO -- : DRAGONFLY: GET /steam/dynamic/W1siZmYiLCIvaG9tZS9jbW8vY21vX2JpcnMvcHVibGljL2ltYWdlcy9iYW5uZXI0LmpwZyJdLFsicCIsInRodW1iIiwiMTE0MHgxMDgwIl1d/b0558ff2befcc02b/banner4.jpg 304
I, [2016-05-27T21:29:31.917394 #2779]  INFO -- : DRAGONFLY: GET /steam/dynamic/W1siZmYiLCIvaG9tZS9jbW8vY21vX2JpcnMvcHVibGljL2ltYWdlcy9iYW5uZXIxLmpwZyJdLFsicCIsInRodW1iIiwiMTE0MHgxMDgwIl1d/253116d147cb3434/banner1.jpg 304
I, [2016-05-27T21:29:31.929634 #2779]  INFO -- : DRAGONFLY: GET /steam/dynamic/W1siZmYiLCIvaG9tZS9jbW8vY21vX2JpcnMvcHVibGljL2ltYWdlcy9iYW5uZXIyLmpwZyJdLFsicCIsInRodW1iIiwiMTE0MHgxMDgwIl1d/cfccc56f5bfa3e06/banner2.jpg 304
I, [2016-05-27T21:29:31.936797 #2779]  INFO -- : DRAGONFLY: GET /steam/dynamic/W1siZmYiLCIvaG9tZS9jbW8vY21vX2JpcnMvcHVibGljL2ltYWdlcy9iYW5uZXIzLmpwZyJdLFsicCIsInRodW1iIiwiMTE0MHgxMDgwIl1d/a5caa6a293747d3a/banner3.jpg 304
I, [2016-05-27T21:29:31.944285 #2779]  INFO -- : DRAGONFLY: GET /steam/dynamic/W1siZmYiLCIvaG9tZS9jbW8vY21vX2JpcnMvcHVibGljL2ltYWdlcy9iYW5uZXIuanBnIl0sWyJwIiwidGh1bWIiLCIxMTQweDEwODAiXV0/4adca55cca47d4b0/banner.jpg 304
I, [2016-05-27T21:29:31.952449 #2779]  INFO -- : DRAGONFLY: GET /steam/dynamic/W1siZmYiLCIvaG9tZS9jbW8vY21vX2JpcnMvcHVibGljL2ltYWdlcy9iYW5uZXI0LmpwZyJdLFsicCIsInRodW1iIiwiMTE0MHgxMDgwIl1d/b0558ff2befcc02b/banner4.jpg 304
I, [2016-05-27T21:29:50.952766 #2779]  INFO -- : DRAGONFLY: GET /steam/dynamic/W1siZmYiLCIvaG9tZS9jbW8vY21vX2JpcnMvcHVibGljL2ltYWdlcy9iYW5uZXIxLmpwZyJdLFsicCIsInRodW1iIiwiMTE0MHgxMDgwIl1d/253116d147cb3434/banner1.jpg 304
I, [2016-05-27T21:29:50.966816 #2779]  INFO -- : DRAGONFLY: GET /steam/dynamic/W1siZmYiLCIvaG9tZS9jbW8vY21vX2JpcnMvcHVibGljL2ltYWdlcy9iYW5uZXIyLmpwZyJdLFsicCIsInRodW1iIiwiMTE0MHgxMDgwIl1d/cfccc56f5bfa3e06/banner2.jpg 304
I, [2016-05-27T21:29:50.980942 #2779]  INFO -- : DRAGONFLY: GET /steam/dynamic/W1siZmYiLCIvaG9tZS9jbW8vY21vX2JpcnMvcHVibGljL2ltYWdlcy9iYW5uZXIzLmpwZyJdLFsicCIsInRodW1iIiwiMTE0MHgxMDgwIl1d/a5caa6a293747d3a/banner3.jpg 304
I, [2016-05-27T21:29:51.006288 #2779]  INFO -- : DRAGONFLY: GET /steam/dynamic/W1siZmYiLCIvaG9tZS9jbW8vY21vX2JpcnMvcHVibGljL2ltYWdlcy9iYW5uZXIuanBnIl0sWyJwIiwidGh1bWIiLCIxMTQweDEwODAiXV0/4adca55cca47d4b0/banner.jpg 304
I, [2016-05-27T21:29:51.016141 #2779]  INFO -- : DRAGONFLY: GET /steam/dynamic/W1siZmYiLCIvaG9tZS9jbW8vY21vX2JpcnMvcHVibGljL2ltYWdlcy9iYW5uZXI0LmpwZyJdLFsicCIsInRodW1iIiwiMTE0MHgxMDgwIl1d/b0558ff2befcc02b/banner4.jpg 304
I, [2016-05-27T21:30:48.073853 #2779]  INFO -- : DRAGONFLY: GET /steam/dynamic/W1siZmYiLCIvaG9tZS9jbW8vY21vX2JpcnMvcHVibGljL2ltYWdlcy9iYW5uZXIxLmpwZyJdLFsicCIsInRodW1iIiwiMTE0MHgxMDgwIl1d/253116d147cb3434/banner1.jpg 304
I, [2016-05-27T21:30:48.081430 #2779]  INFO -- : DRAGONFLY: GET /steam/dynamic/W1siZmYiLCIvaG9tZS9jbW8vY21vX2JpcnMvcHVibGljL2ltYWdlcy9iYW5uZXIyLmpwZyJdLFsicCIsInRodW1iIiwiMTE0MHgxMDgwIl1d/cfccc56f5bfa3e06/banner2.jpg 304
I, [2016-05-27T21:30:48.089228 #2779]  INFO -- : DRAGONFLY: GET /steam/dynamic/W1siZmYiLCIvaG9tZS9jbW8vY21vX2JpcnMvcHVibGljL2ltYWdlcy9iYW5uZXIzLmpwZyJdLFsicCIsInRodW1iIiwiMTE0MHgxMDgwIl1d/a5caa6a293747d3a/banner3.jpg 304
I, [2016-05-27T21:30:48.098440 #2779]  INFO -- : DRAGONFLY: GET /steam/dynamic/W1siZmYiLCIvaG9tZS9jbW8vY21vX2JpcnMvcHVibGljL2ltYWdlcy9iYW5uZXIuanBnIl0sWyJwIiwidGh1bWIiLCIxMTQweDEwODAiXV0/4adca55cca47d4b0/banner.jpg 304
I, [2016-05-27T21:30:48.108759 #2779]  INFO -- : DRAGONFLY: GET /steam/dynamic/W1siZmYiLCIvaG9tZS9jbW8vY21vX2JpcnMvcHVibGljL2ltYWdlcy9iYW5uZXI0LmpwZyJdLFsicCIsInRodW1iIiwiMTE0MHgxMDgwIl1d/b0558ff2befcc02b/banner4.jpg 304
I, [2016-05-27T21:32:13.199681 #2779]  INFO -- : DRAGONFLY: GET /steam/dynamic/W1siZmYiLCIvaG9tZS9jbW8vY21vX2JpcnMvcHVibGljL2ltYWdlcy9iYW5uZXIxLmpwZyJdLFsicCIsInRodW1iIiwiMTE0MHgxMDgwIl1d/253116d147cb3434/banner1.jpg 304
I, [2016-05-27T21:32:13.210284 #2779]  INFO -- : DRAGONFLY: GET /steam/dynamic/W1siZmYiLCIvaG9tZS9jbW8vY21vX2JpcnMvcHVibGljL2ltYWdlcy9iYW5uZXIyLmpwZyJdLFsicCIsInRodW1iIiwiMTE0MHgxMDgwIl1d/cfccc56f5bfa3e06/banner2.jpg 304
I, [2016-05-27T21:32:13.220534 #2779]  INFO -- : DRAGONFLY: GET /steam/dynamic/W1siZmYiLCIvaG9tZS9jbW8vY21vX2JpcnMvcHVibGljL2ltYWdlcy9iYW5uZXIzLmpwZyJdLFsicCIsInRodW1iIiwiMTE0MHgxMDgwIl1d/a5caa6a293747d3a/banner3.jpg 304
I, [2016-05-27T21:32:13.230175 #2779]  INFO -- : DRAGONFLY: GET /steam/dynamic/W1siZmYiLCIvaG9tZS9jbW8vY21vX2JpcnMvcHVibGljL2ltYWdlcy9iYW5uZXIuanBnIl0sWyJwIiwidGh1bWIiLCIxMTQweDEwODAiXV0/4adca55cca47d4b0/banner.jpg 304
I, [2016-05-27T21:32:13.241791 #2779]  INFO -- : DRAGONFLY: GET /steam/dynamic/W1siZmYiLCIvaG9tZS9jbW8vY21vX2JpcnMvcHVibGljL2ltYWdlcy9iYW5uZXI0LmpwZyJdLFsicCIsInRodW1iIiwiMTE0MHgxMDgwIl1d/b0558ff2befcc02b/banner4.jpg 304
I, [2016-05-27T21:34:53.578117 #2779]  INFO -- : DRAGONFLY: GET /steam/dynamic/W1siZmYiLCIvaG9tZS9jbW8vY21vX2JpcnMvcHVibGljL2ltYWdlcy9iYW5uZXIxLmpwZyJdLFsicCIsInRodW1iIiwiMTE0MHgxMDgwIl1d/253116d147cb3434/banner1.jpg 304
I, [2016-05-27T21:34:53.585608 #2779]  INFO -- : DRAGONFLY: GET /steam/dynamic/W1siZmYiLCIvaG9tZS9jbW8vY21vX2JpcnMvcHVibGljL2ltYWdlcy9iYW5uZXIyLmpwZyJdLFsicCIsInRodW1iIiwiMTE0MHgxMDgwIl1d/cfccc56f5bfa3e06/banner2.jpg 304
I, [2016-05-27T21:34:53.594128 #2779]  INFO -- : DRAGONFLY: GET /steam/dynamic/W1siZmYiLCIvaG9tZS9jbW8vY21vX2JpcnMvcHVibGljL2ltYWdlcy9iYW5uZXIzLmpwZyJdLFsicCIsInRodW1iIiwiMTE0MHgxMDgwIl1d/a5caa6a293747d3a/banner3.jpg 304
I, [2016-05-27T21:34:53.603503 #2779]  INFO -- : DRAGONFLY: GET /steam/dynamic/W1siZmYiLCIvaG9tZS9jbW8vY21vX2JpcnMvcHVibGljL2ltYWdlcy9iYW5uZXIuanBnIl0sWyJwIiwidGh1bWIiLCIxMTQweDEwODAiXV0/4adca55cca47d4b0/banner.jpg 304
I, [2016-05-27T21:34:53.613952 #2779]  INFO -- : DRAGONFLY: GET /steam/dynamic/W1siZmYiLCIvaG9tZS9jbW8vY21vX2JpcnMvcHVibGljL2ltYWdlcy9iYW5uZXI0LmpwZyJdLFsicCIsInRodW1iIiwiMTE0MHgxMDgwIl1d/b0558ff2befcc02b/banner4.jpg 304
I, [2016-05-27T21:48:37.252086 #2779]  INFO -- : DRAGONFLY: GET /steam/dynamic/W1siZmYiLCIvaG9tZS9jbW8vY21vX2JpcnMvcHVibGljL2ltYWdlcy9iYW5uZXIxLmpwZyJdLFsicCIsInRodW1iIiwiMTE0MHgxMDgwIl1d/253116d147cb3434/banner1.jpg 304
I, [2016-05-27T21:48:37.266117 #2779]  INFO -- : DRAGONFLY: GET /steam/dynamic/W1siZmYiLCIvaG9tZS9jbW8vY21vX2JpcnMvcHVibGljL2ltYWdlcy9iYW5uZXIyLmpwZyJdLFsicCIsInRodW1iIiwiMTE0MHgxMDgwIl1d/cfccc56f5bfa3e06/banner2.jpg 304
I, [2016-05-27T21:48:37.277100 #2779]  INFO -- : DRAGONFLY: GET /steam/dynamic/W1siZmYiLCIvaG9tZS9jbW8vY21vX2JpcnMvcHVibGljL2ltYWdlcy9iYW5uZXIzLmpwZyJdLFsicCIsInRodW1iIiwiMTE0MHgxMDgwIl1d/a5caa6a293747d3a/banner3.jpg 304
I, [2016-05-27T21:48:37.286848 #2779]  INFO -- : DRAGONFLY: GET /steam/dynamic/W1siZmYiLCIvaG9tZS9jbW8vY21vX2JpcnMvcHVibGljL2ltYWdlcy9iYW5uZXIuanBnIl0sWyJwIiwidGh1bWIiLCIxMTQweDEwODAiXV0/4adca55cca47d4b0/banner.jpg 304
I, [2016-05-27T21:48:37.296468 #2779]  INFO -- : DRAGONFLY: GET /steam/dynamic/W1siZmYiLCIvaG9tZS9jbW8vY21vX2JpcnMvcHVibGljL2ltYWdlcy9iYW5uZXI0LmpwZyJdLFsicCIsInRodW1iIiwiMTE0MHgxMDgwIl1d/b0558ff2befcc02b/banner4.jpg 304
I, [2016-05-27T21:51:07.970626 #2779]  INFO -- : DRAGONFLY: GET /steam/dynamic/W1siZmYiLCIvaG9tZS9jbW8vY21vX2JpcnMvcHVibGljL2ltYWdlcy9iYW5uZXIxLmpwZyJdLFsicCIsInRodW1iIiwiMTE0MHgxMDgwIl1d/253116d147cb3434/banner1.jpg 304
I, [2016-05-27T21:51:07.986498 #2779]  INFO -- : DRAGONFLY: GET /steam/dynamic/W1siZmYiLCIvaG9tZS9jbW8vY21vX2JpcnMvcHVibGljL2ltYWdlcy9iYW5uZXIyLmpwZyJdLFsicCIsInRodW1iIiwiMTE0MHgxMDgwIl1d/cfccc56f5bfa3e06/banner2.jpg 304
I, [2016-05-27T21:51:07.996552 #2779]  INFO -- : DRAGONFLY: GET /steam/dynamic/W1siZmYiLCIvaG9tZS9jbW8vY21vX2JpcnMvcHVibGljL2ltYWdlcy9iYW5uZXIzLmpwZyJdLFsicCIsInRodW1iIiwiMTE0MHgxMDgwIl1d/a5caa6a293747d3a/banner3.jpg 304
I, [2016-05-27T21:51:08.008393 #2779]  INFO -- : DRAGONFLY: GET /steam/dynamic/W1siZmYiLCIvaG9tZS9jbW8vY21vX2JpcnMvcHVibGljL2ltYWdlcy9iYW5uZXIuanBnIl0sWyJwIiwidGh1bWIiLCIxMTQweDEwODAiXV0/4adca55cca47d4b0/banner.jpg 304
I, [2016-05-27T21:51:08.023966 #2779]  INFO -- : DRAGONFLY: GET /steam/dynamic/W1siZmYiLCIvaG9tZS9jbW8vY21vX2JpcnMvcHVibGljL2ltYWdlcy9iYW5uZXI0LmpwZyJdLFsicCIsInRodW1iIiwiMTE0MHgxMDgwIl1d/b0558ff2befcc02b/banner4.jpg 304
I, [2016-05-27T21:52:00.099564 #2779]  INFO -- : DRAGONFLY: GET /steam/dynamic/W1siZmYiLCIvaG9tZS9jbW8vY21vX2JpcnMvcHVibGljL2ltYWdlcy9iYW5uZXIxLmpwZyJdLFsicCIsInRodW1iIiwiMTE0MHgxMDgwIl1d/253116d147cb3434/banner1.jpg 304
I, [2016-05-27T21:52:00.116158 #2779]  INFO -- : DRAGONFLY: GET /steam/dynamic/W1siZmYiLCIvaG9tZS9jbW8vY21vX2JpcnMvcHVibGljL2ltYWdlcy9iYW5uZXIyLmpwZyJdLFsicCIsInRodW1iIiwiMTE0MHgxMDgwIl1d/cfccc56f5bfa3e06/banner2.jpg 304
I, [2016-05-27T21:52:00.133965 #2779]  INFO -- : DRAGONFLY: GET /steam/dynamic/W1siZmYiLCIvaG9tZS9jbW8vY21vX2JpcnMvcHVibGljL2ltYWdlcy9iYW5uZXIzLmpwZyJdLFsicCIsInRodW1iIiwiMTE0MHgxMDgwIl1d/a5caa6a293747d3a/banner3.jpg 304
I, [2016-05-27T21:52:00.141950 #2779]  INFO -- : DRAGONFLY: GET /steam/dynamic/W1siZmYiLCIvaG9tZS9jbW8vY21vX2JpcnMvcHVibGljL2ltYWdlcy9iYW5uZXIuanBnIl0sWyJwIiwidGh1bWIiLCIxMTQweDEwODAiXV0/4adca55cca47d4b0/banner.jpg 304
I, [2016-05-27T21:52:00.152764 #2779]  INFO -- : DRAGONFLY: GET /steam/dynamic/W1siZmYiLCIvaG9tZS9jbW8vY21vX2JpcnMvcHVibGljL2ltYWdlcy9iYW5uZXI0LmpwZyJdLFsicCIsInRodW1iIiwiMTE0MHgxMDgwIl1d/b0558ff2befcc02b/banner4.jpg 304
I, [2016-05-27T21:53:30.359600 #2779]  INFO -- : DRAGONFLY: GET /steam/dynamic/W1siZmYiLCIvaG9tZS9jbW8vY21vX2JpcnMvcHVibGljL2ltYWdlcy9iYW5uZXIxLmpwZyJdLFsicCIsInRodW1iIiwiMTE0MHgxMDgwIl1d/253116d147cb3434/banner1.jpg 304
I, [2016-05-27T21:53:30.369412 #2779]  INFO -- : DRAGONFLY: GET /steam/dynamic/W1siZmYiLCIvaG9tZS9jbW8vY21vX2JpcnMvcHVibGljL2ltYWdlcy9iYW5uZXIyLmpwZyJdLFsicCIsInRodW1iIiwiMTE0MHgxMDgwIl1d/cfccc56f5bfa3e06/banner2.jpg 304
I, [2016-05-27T21:53:30.377256 #2779]  INFO -- : DRAGONFLY: GET /steam/dynamic/W1siZmYiLCIvaG9tZS9jbW8vY21vX2JpcnMvcHVibGljL2ltYWdlcy9iYW5uZXIzLmpwZyJdLFsicCIsInRodW1iIiwiMTE0MHgxMDgwIl1d/a5caa6a293747d3a/banner3.jpg 304
I, [2016-05-27T21:53:30.387090 #2779]  INFO -- : DRAGONFLY: GET /steam/dynamic/W1siZmYiLCIvaG9tZS9jbW8vY21vX2JpcnMvcHVibGljL2ltYWdlcy9iYW5uZXIuanBnIl0sWyJwIiwidGh1bWIiLCIxMTQweDEwODAiXV0/4adca55cca47d4b0/banner.jpg 304
I, [2016-05-27T21:53:30.397040 #2779]  INFO -- : DRAGONFLY: GET /steam/dynamic/W1siZmYiLCIvaG9tZS9jbW8vY21vX2JpcnMvcHVibGljL2ltYWdlcy9iYW5uZXI0LmpwZyJdLFsicCIsInRodW1iIiwiMTE0MHgxMDgwIl1d/b0558ff2befcc02b/banner4.jpg 304
I, [2016-05-27T21:53:49.015575 #2779]  INFO -- : DRAGONFLY: GET /steam/dynamic/W1siZmYiLCIvaG9tZS9jbW8vY21vX2JpcnMvcHVibGljL2ltYWdlcy9iYW5uZXIxLmpwZyJdLFsicCIsInRodW1iIiwiMTE0MHgxMDgwIl1d/253116d147cb3434/banner1.jpg 304
I, [2016-05-27T21:53:49.030640 #2779]  INFO -- : DRAGONFLY: GET /steam/dynamic/W1siZmYiLCIvaG9tZS9jbW8vY21vX2JpcnMvcHVibGljL2ltYWdlcy9iYW5uZXIyLmpwZyJdLFsicCIsInRodW1iIiwiMTE0MHgxMDgwIl1d/cfccc56f5bfa3e06/banner2.jpg 304
I, [2016-05-27T21:53:49.048329 #2779]  INFO -- : DRAGONFLY: GET /steam/dynamic/W1siZmYiLCIvaG9tZS9jbW8vY21vX2JpcnMvcHVibGljL2ltYWdlcy9iYW5uZXIzLmpwZyJdLFsicCIsInRodW1iIiwiMTE0MHgxMDgwIl1d/a5caa6a293747d3a/banner3.jpg 304
I, [2016-05-27T21:53:49.066443 #2779]  INFO -- : DRAGONFLY: GET /steam/dynamic/W1siZmYiLCIvaG9tZS9jbW8vY21vX2JpcnMvcHVibGljL2ltYWdlcy9iYW5uZXIuanBnIl0sWyJwIiwidGh1bWIiLCIxMTQweDEwODAiXV0/4adca55cca47d4b0/banner.jpg 304
I, [2016-05-27T21:53:49.081443 #2779]  INFO -- : DRAGONFLY: GET /steam/dynamic/W1siZmYiLCIvaG9tZS9jbW8vY21vX2JpcnMvcHVibGljL2ltYWdlcy9iYW5uZXI0LmpwZyJdLFsicCIsInRodW1iIiwiMTE0MHgxMDgwIl1d/b0558ff2befcc02b/banner4.jpg 304
I, [2016-05-27T21:53:54.922661 #2779]  INFO -- : DRAGONFLY: GET /steam/dynamic/W1siZmYiLCIvaG9tZS9jbW8vY21vX2JpcnMvcHVibGljL2ltYWdlcy9iYW5uZXIxLmpwZyJdLFsicCIsInRodW1iIiwiMTE0MHgxMDgwIl1d/253116d147cb3434/banner1.jpg 304
I, [2016-05-27T21:53:54.942278 #2779]  INFO -- : DRAGONFLY: GET /steam/dynamic/W1siZmYiLCIvaG9tZS9jbW8vY21vX2JpcnMvcHVibGljL2ltYWdlcy9iYW5uZXIyLmpwZyJdLFsicCIsInRodW1iIiwiMTE0MHgxMDgwIl1d/cfccc56f5bfa3e06/banner2.jpg 304
I, [2016-05-27T21:53:54.959532 #2779]  INFO -- : DRAGONFLY: GET /steam/dynamic/W1siZmYiLCIvaG9tZS9jbW8vY21vX2JpcnMvcHVibGljL2ltYWdlcy9iYW5uZXIzLmpwZyJdLFsicCIsInRodW1iIiwiMTE0MHgxMDgwIl1d/a5caa6a293747d3a/banner3.jpg 304
I, [2016-05-27T21:53:54.972103 #2779]  INFO -- : DRAGONFLY: GET /steam/dynamic/W1siZmYiLCIvaG9tZS9jbW8vY21vX2JpcnMvcHVibGljL2ltYWdlcy9iYW5uZXIuanBnIl0sWyJwIiwidGh1bWIiLCIxMTQweDEwODAiXV0/4adca55cca47d4b0/banner.jpg 304
I, [2016-05-27T21:53:54.982007 #2779]  INFO -- : DRAGONFLY: GET /steam/dynamic/W1siZmYiLCIvaG9tZS9jbW8vY21vX2JpcnMvcHVibGljL2ltYWdlcy9iYW5uZXI0LmpwZyJdLFsicCIsInRodW1iIiwiMTE0MHgxMDgwIl1d/b0558ff2befcc02b/banner4.jpg 304
I, [2016-05-27T21:54:58.767243 #2779]  INFO -- : DRAGONFLY: GET /steam/dynamic/W1siZmYiLCIvaG9tZS9jbW8vY21vX2JpcnMvcHVibGljL2ltYWdlcy9iYW5uZXIxLmpwZyJdLFsicCIsInRodW1iIiwiMTE0MHgxMDgwIl1d/253116d147cb3434/banner1.jpg 304
I, [2016-05-27T21:54:58.779009 #2779]  INFO -- : DRAGONFLY: GET /steam/dynamic/W1siZmYiLCIvaG9tZS9jbW8vY21vX2JpcnMvcHVibGljL2ltYWdlcy9iYW5uZXIyLmpwZyJdLFsicCIsInRodW1iIiwiMTE0MHgxMDgwIl1d/cfccc56f5bfa3e06/banner2.jpg 304
I, [2016-05-27T21:54:58.786768 #2779]  INFO -- : DRAGONFLY: GET /steam/dynamic/W1siZmYiLCIvaG9tZS9jbW8vY21vX2JpcnMvcHVibGljL2ltYWdlcy9iYW5uZXIzLmpwZyJdLFsicCIsInRodW1iIiwiMTE0MHgxMDgwIl1d/a5caa6a293747d3a/banner3.jpg 304
I, [2016-05-27T21:54:58.798373 #2779]  INFO -- : DRAGONFLY: GET /steam/dynamic/W1siZmYiLCIvaG9tZS9jbW8vY21vX2JpcnMvcHVibGljL2ltYWdlcy9iYW5uZXIuanBnIl0sWyJwIiwidGh1bWIiLCIxMTQweDEwODAiXV0/4adca55cca47d4b0/banner.jpg 304
I, [2016-05-27T21:54:58.808228 #2779]  INFO -- : DRAGONFLY: GET /steam/dynamic/W1siZmYiLCIvaG9tZS9jbW8vY21vX2JpcnMvcHVibGljL2ltYWdlcy9iYW5uZXI0LmpwZyJdLFsicCIsInRodW1iIiwiMTE0MHgxMDgwIl1d/b0558ff2befcc02b/banner4.jpg 304
I, [2016-05-27T21:56:02.372090 #2779]  INFO -- : DRAGONFLY: GET /steam/dynamic/W1siZmYiLCIvaG9tZS9jbW8vY21vX2JpcnMvcHVibGljL2ltYWdlcy9iYW5uZXIxLmpwZyJdLFsicCIsInRodW1iIiwiMTE0MHgxMDgwIl1d/253116d147cb3434/banner1.jpg 304
I, [2016-05-27T21:56:02.384914 #2779]  INFO -- : DRAGONFLY: GET /steam/dynamic/W1siZmYiLCIvaG9tZS9jbW8vY21vX2JpcnMvcHVibGljL2ltYWdlcy9iYW5uZXIyLmpwZyJdLFsicCIsInRodW1iIiwiMTE0MHgxMDgwIl1d/cfccc56f5bfa3e06/banner2.jpg 304
I, [2016-05-27T21:56:02.393684 #2779]  INFO -- : DRAGONFLY: GET /steam/dynamic/W1siZmYiLCIvaG9tZS9jbW8vY21vX2JpcnMvcHVibGljL2ltYWdlcy9iYW5uZXIzLmpwZyJdLFsicCIsInRodW1iIiwiMTE0MHgxMDgwIl1d/a5caa6a293747d3a/banner3.jpg 304
I, [2016-05-27T21:56:02.403511 #2779]  INFO -- : DRAGONFLY: GET /steam/dynamic/W1siZmYiLCIvaG9tZS9jbW8vY21vX2JpcnMvcHVibGljL2ltYWdlcy9iYW5uZXIuanBnIl0sWyJwIiwidGh1bWIiLCIxMTQweDEwODAiXV0/4adca55cca47d4b0/banner.jpg 304
I, [2016-05-27T21:56:02.413047 #2779]  INFO -- : DRAGONFLY: GET /steam/dynamic/W1siZmYiLCIvaG9tZS9jbW8vY21vX2JpcnMvcHVibGljL2ltYWdlcy9iYW5uZXI0LmpwZyJdLFsicCIsInRodW1iIiwiMTE0MHgxMDgwIl1d/b0558ff2befcc02b/banner4.jpg 304
I, [2016-05-27T21:57:22.031772 #2779]  INFO -- : DRAGONFLY: GET /steam/dynamic/W1siZmYiLCIvaG9tZS9jbW8vY21vX2JpcnMvcHVibGljL2ltYWdlcy9iYW5uZXIxLmpwZyJdLFsicCIsInRodW1iIiwiMTE0MHgxMDgwIl1d/253116d147cb3434/banner1.jpg 304
I, [2016-05-27T21:57:22.042358 #2779]  INFO -- : DRAGONFLY: GET /steam/dynamic/W1siZmYiLCIvaG9tZS9jbW8vY21vX2JpcnMvcHVibGljL2ltYWdlcy9iYW5uZXIyLmpwZyJdLFsicCIsInRodW1iIiwiMTE0MHgxMDgwIl1d/cfccc56f5bfa3e06/banner2.jpg 304
I, [2016-05-27T21:57:22.052932 #2779]  INFO -- : DRAGONFLY: GET /steam/dynamic/W1siZmYiLCIvaG9tZS9jbW8vY21vX2JpcnMvcHVibGljL2ltYWdlcy9iYW5uZXIzLmpwZyJdLFsicCIsInRodW1iIiwiMTE0MHgxMDgwIl1d/a5caa6a293747d3a/banner3.jpg 304
I, [2016-05-27T21:57:22.064952 #2779]  INFO -- : DRAGONFLY: GET /steam/dynamic/W1siZmYiLCIvaG9tZS9jbW8vY21vX2JpcnMvcHVibGljL2ltYWdlcy9iYW5uZXIuanBnIl0sWyJwIiwidGh1bWIiLCIxMTQweDEwODAiXV0/4adca55cca47d4b0/banner.jpg 304
I, [2016-05-27T21:57:22.072676 #2779]  INFO -- : DRAGONFLY: GET /steam/dynamic/W1siZmYiLCIvaG9tZS9jbW8vY21vX2JpcnMvcHVibGljL2ltYWdlcy9iYW5uZXI0LmpwZyJdLFsicCIsInRodW1iIiwiMTE0MHgxMDgwIl1d/b0558ff2befcc02b/banner4.jpg 304
I, [2016-05-27T22:06:12.577573 #2779]  INFO -- : DRAGONFLY: GET /steam/dynamic/W1siZmYiLCIvaG9tZS9jbW8vY21vX2JpcnMvcHVibGljL2ltYWdlcy9iYW5uZXIyLmpwZyJdLFsicCIsInRodW1iIiwiMTE0MHgxMDgwIl1d/cfccc56f5bfa3e06/banner2.jpg 304
I, [2016-05-27T22:06:12.584655 #2779]  INFO -- : DRAGONFLY: GET /steam/dynamic/W1siZmYiLCIvaG9tZS9jbW8vY21vX2JpcnMvcHVibGljL2ltYWdlcy9iYW5uZXIzLmpwZyJdLFsicCIsInRodW1iIiwiMTE0MHgxMDgwIl1d/a5caa6a293747d3a/banner3.jpg 304
I, [2016-05-27T22:06:12.594331 #2779]  INFO -- : DRAGONFLY: GET /steam/dynamic/W1siZmYiLCIvaG9tZS9jbW8vY21vX2JpcnMvcHVibGljL2ltYWdlcy9iYW5uZXIuanBnIl0sWyJwIiwidGh1bWIiLCIxMTQweDEwODAiXV0/4adca55cca47d4b0/banner.jpg 304
I, [2016-05-27T22:06:12.600594 #2779]  INFO -- : DRAGONFLY: GET /steam/dynamic/W1siZmYiLCIvaG9tZS9jbW8vY21vX2JpcnMvcHVibGljL2ltYWdlcy9iYW5uZXI0LmpwZyJdLFsicCIsInRodW1iIiwiMTE0MHgxMDgwIl1d/b0558ff2befcc02b/banner4.jpg 304
I, [2016-05-27T22:06:34.217782 #2779]  INFO -- : DRAGONFLY: GET /steam/dynamic/W1siZmYiLCIvaG9tZS9jbW8vY21vX2JpcnMvcHVibGljL2ltYWdlcy9iYW5uZXIyLmpwZyJdLFsicCIsInRodW1iIiwiMTE0MHgxMDgwIl1d/cfccc56f5bfa3e06/banner2.jpg 304
I, [2016-05-27T22:06:34.229845 #2779]  INFO -- : DRAGONFLY: GET /steam/dynamic/W1siZmYiLCIvaG9tZS9jbW8vY21vX2JpcnMvcHVibGljL2ltYWdlcy9iYW5uZXIzLmpwZyJdLFsicCIsInRodW1iIiwiMTE0MHgxMDgwIl1d/a5caa6a293747d3a/banner3.jpg 304
I, [2016-05-27T22:06:34.237359 #2779]  INFO -- : DRAGONFLY: GET /steam/dynamic/W1siZmYiLCIvaG9tZS9jbW8vY21vX2JpcnMvcHVibGljL2ltYWdlcy9iYW5uZXIuanBnIl0sWyJwIiwidGh1bWIiLCIxMTQweDEwODAiXV0/4adca55cca47d4b0/banner.jpg 304
I, [2016-05-27T22:06:34.246408 #2779]  INFO -- : DRAGONFLY: GET /steam/dynamic/W1siZmYiLCIvaG9tZS9jbW8vY21vX2JpcnMvcHVibGljL2ltYWdlcy9iYW5uZXI0LmpwZyJdLFsicCIsInRodW1iIiwiMTE0MHgxMDgwIl1d/b0558ff2befcc02b/banner4.jpg 304
I, [2016-05-27T22:06:50.142515 #2779]  INFO -- : DRAGONFLY: GET /steam/dynamic/W1siZmYiLCIvaG9tZS9jbW8vY21vX2JpcnMvcHVibGljL2ltYWdlcy9iYW5uZXIyLmpwZyJdLFsicCIsInRodW1iIiwiMTE0MHgxMDgwIl1d/cfccc56f5bfa3e06/banner2.jpg 304
I, [2016-05-27T22:06:50.155283 #2779]  INFO -- : DRAGONFLY: GET /steam/dynamic/W1siZmYiLCIvaG9tZS9jbW8vY21vX2JpcnMvcHVibGljL2ltYWdlcy9iYW5uZXIzLmpwZyJdLFsicCIsInRodW1iIiwiMTE0MHgxMDgwIl1d/a5caa6a293747d3a/banner3.jpg 304
I, [2016-05-27T22:06:50.170042 #2779]  INFO -- : DRAGONFLY: GET /steam/dynamic/W1siZmYiLCIvaG9tZS9jbW8vY21vX2JpcnMvcHVibGljL2ltYWdlcy9iYW5uZXIuanBnIl0sWyJwIiwidGh1bWIiLCIxMTQweDEwODAiXV0/4adca55cca47d4b0/banner.jpg 304
I, [2016-05-27T22:06:50.188632 #2779]  INFO -- : DRAGONFLY: GET /steam/dynamic/W1siZmYiLCIvaG9tZS9jbW8vY21vX2JpcnMvcHVibGljL2ltYWdlcy9iYW5uZXI0LmpwZyJdLFsicCIsInRodW1iIiwiMTE0MHgxMDgwIl1d/b0558ff2befcc02b/banner4.jpg 304
I, [2016-05-27T22:07:00.091097 #2779]  INFO -- : DRAGONFLY: GET /steam/dynamic/W1siZmYiLCIvaG9tZS9jbW8vY21vX2JpcnMvcHVibGljL2ltYWdlcy9iYW5uZXIyLmpwZyJdLFsicCIsInRodW1iIiwiMTE0MHgxMDgwIl1d/cfccc56f5bfa3e06/banner2.jpg 304
I, [2016-05-27T22:07:00.106795 #2779]  INFO -- : DRAGONFLY: GET /steam/dynamic/W1siZmYiLCIvaG9tZS9jbW8vY21vX2JpcnMvcHVibGljL2ltYWdlcy9iYW5uZXIzLmpwZyJdLFsicCIsInRodW1iIiwiMTE0MHgxMDgwIl1d/a5caa6a293747d3a/banner3.jpg 304
I, [2016-05-27T22:07:00.123249 #2779]  INFO -- : DRAGONFLY: GET /steam/dynamic/W1siZmYiLCIvaG9tZS9jbW8vY21vX2JpcnMvcHVibGljL2ltYWdlcy9iYW5uZXIuanBnIl0sWyJwIiwidGh1bWIiLCIxMTQweDEwODAiXV0/4adca55cca47d4b0/banner.jpg 304
I, [2016-05-27T22:07:00.139972 #2779]  INFO -- : DRAGONFLY: GET /steam/dynamic/W1siZmYiLCIvaG9tZS9jbW8vY21vX2JpcnMvcHVibGljL2ltYWdlcy9iYW5uZXI0LmpwZyJdLFsicCIsInRodW1iIiwiMTE0MHgxMDgwIl1d/b0558ff2befcc02b/banner4.jpg 304
I, [2016-05-27T22:07:24.967451 #2779]  INFO -- : DRAGONFLY: GET /steam/dynamic/W1siZmYiLCIvaG9tZS9jbW8vY21vX2JpcnMvcHVibGljL2ltYWdlcy9iYW5uZXIyLmpwZyJdLFsicCIsInRodW1iIiwiMTE0MHgxMDgwIl1d/cfccc56f5bfa3e06/banner2.jpg 304
I, [2016-05-27T22:07:24.976632 #2779]  INFO -- : DRAGONFLY: GET /steam/dynamic/W1siZmYiLCIvaG9tZS9jbW8vY21vX2JpcnMvcHVibGljL2ltYWdlcy9iYW5uZXIzLmpwZyJdLFsicCIsInRodW1iIiwiMTE0MHgxMDgwIl1d/a5caa6a293747d3a/banner3.jpg 304
I, [2016-05-27T22:07:24.985992 #2779]  INFO -- : DRAGONFLY: GET /steam/dynamic/W1siZmYiLCIvaG9tZS9jbW8vY21vX2JpcnMvcHVibGljL2ltYWdlcy9iYW5uZXIuanBnIl0sWyJwIiwidGh1bWIiLCIxMTQweDEwODAiXV0/4adca55cca47d4b0/banner.jpg 304
I, [2016-05-27T22:07:24.994377 #2779]  INFO -- : DRAGONFLY: GET /steam/dynamic/W1siZmYiLCIvaG9tZS9jbW8vY21vX2JpcnMvcHVibGljL2ltYWdlcy9iYW5uZXI0LmpwZyJdLFsicCIsInRodW1iIiwiMTE0MHgxMDgwIl1d/b0558ff2befcc02b/banner4.jpg 304
I, [2016-05-27T22:09:05.119564 #2779]  INFO -- : DRAGONFLY: GET /steam/dynamic/W1siZmYiLCIvaG9tZS9jbW8vY21vX2JpcnMvcHVibGljL2ltYWdlcy9iYW5uZXIzLmpwZyJdLFsicCIsInRodW1iIiwiMTE0MHgxMDgwIl1d/a5caa6a293747d3a/banner3.jpg 304
I, [2016-05-27T22:09:05.131323 #2779]  INFO -- : DRAGONFLY: GET /steam/dynamic/W1siZmYiLCIvaG9tZS9jbW8vY21vX2JpcnMvcHVibGljL2ltYWdlcy9iYW5uZXIuanBnIl0sWyJwIiwidGh1bWIiLCIxMTQweDEwODAiXV0/4adca55cca47d4b0/banner.jpg 304
I, [2016-05-27T22:09:05.137270 #2779]  INFO -- : DRAGONFLY: GET /steam/dynamic/W1siZmYiLCIvaG9tZS9jbW8vY21vX2JpcnMvcHVibGljL2ltYWdlcy9iYW5uZXI0LmpwZyJdLFsicCIsInRodW1iIiwiMTE0MHgxMDgwIl1d/b0558ff2befcc02b/banner4.jpg 304
I, [2016-05-27T22:09:24.375975 #2779]  INFO -- : DRAGONFLY: GET /steam/dynamic/W1siZmYiLCIvaG9tZS9jbW8vY21vX2JpcnMvcHVibGljL2ltYWdlcy9iYW5uZXIzLmpwZyJdLFsicCIsInRodW1iIiwiMTE0MHgxMDgwIl1d/a5caa6a293747d3a/banner3.jpg 304
I, [2016-05-27T22:09:24.382783 #2779]  INFO -- : DRAGONFLY: GET /steam/dynamic/W1siZmYiLCIvaG9tZS9jbW8vY21vX2JpcnMvcHVibGljL2ltYWdlcy9iYW5uZXIuanBnIl0sWyJwIiwidGh1bWIiLCIxMTQweDEwODAiXV0/4adca55cca47d4b0/banner.jpg 304
I, [2016-05-27T22:09:24.383829 #2779]  INFO -- : DRAGONFLY: GET /steam/dynamic/W1siZmYiLCIvaG9tZS9jbW8vY21vX2JpcnMvcHVibGljL2ltYWdlcy9iYW5uZXI0LmpwZyJdLFsicCIsInRodW1iIiwiMTE0MHgxMDgwIl1d/b0558ff2befcc02b/banner4.jpg 304
I, [2016-05-27T22:10:04.879968 #2779]  INFO -- : DRAGONFLY: GET /steam/dynamic/W1siZmYiLCIvaG9tZS9jbW8vY21vX2JpcnMvcHVibGljL2ltYWdlcy9iYW5uZXIzLmpwZyJdLFsicCIsInRodW1iIiwiMTE0MHgxMDgwIl1d/a5caa6a293747d3a/banner3.jpg 304
I, [2016-05-27T22:10:04.882121 #2779]  INFO -- : DRAGONFLY: GET /steam/dynamic/W1siZmYiLCIvaG9tZS9jbW8vY21vX2JpcnMvcHVibGljL2ltYWdlcy9iYW5uZXIuanBnIl0sWyJwIiwidGh1bWIiLCIxMTQweDEwODAiXV0/4adca55cca47d4b0/banner.jpg 304
I, [2016-05-27T22:10:04.886749 #2779]  INFO -- : DRAGONFLY: GET /steam/dynamic/W1siZmYiLCIvaG9tZS9jbW8vY21vX2JpcnMvcHVibGljL2ltYWdlcy9iYW5uZXI0LmpwZyJdLFsicCIsInRodW1iIiwiMTE0MHgxMDgwIl1d/b0558ff2befcc02b/banner4.jpg 304
I, [2016-05-27T22:10:30.973919 #2779]  INFO -- : DRAGONFLY: GET /steam/dynamic/W1siZmYiLCIvaG9tZS9jbW8vY21vX2JpcnMvcHVibGljL2ltYWdlcy9iYW5uZXIzLmpwZyJdLFsicCIsInRodW1iIiwiMTE0MHgxMDgwIl1d/a5caa6a293747d3a/banner3.jpg 304
I, [2016-05-27T22:10:30.978591 #2779]  INFO -- : DRAGONFLY: GET /steam/dynamic/W1siZmYiLCIvaG9tZS9jbW8vY21vX2JpcnMvcHVibGljL2ltYWdlcy9iYW5uZXI0LmpwZyJdLFsicCIsInRodW1iIiwiMTE0MHgxMDgwIl1d/b0558ff2befcc02b/banner4.jpg 304
I, [2016-05-27T22:10:30.979967 #2779]  INFO -- : DRAGONFLY: GET /steam/dynamic/W1siZmYiLCIvaG9tZS9jbW8vY21vX2JpcnMvcHVibGljL2ltYWdlcy9iYW5uZXIuanBnIl0sWyJwIiwidGh1bWIiLCIxMTQweDEwODAiXV0/4adca55cca47d4b0/banner.jpg 304
I, [2016-05-27T22:10:45.132540 #2779]  INFO -- : DRAGONFLY: GET /steam/dynamic/W1siZmYiLCIvaG9tZS9jbW8vY21vX2JpcnMvcHVibGljL2ltYWdlcy9iYW5uZXIzLmpwZyJdLFsicCIsInRodW1iIiwiMTE0MHgxMDgwIl1d/a5caa6a293747d3a/banner3.jpg 304
I, [2016-05-27T22:10:45.134887 #2779]  INFO -- : DRAGONFLY: GET /steam/dynamic/W1siZmYiLCIvaG9tZS9jbW8vY21vX2JpcnMvcHVibGljL2ltYWdlcy9iYW5uZXIuanBnIl0sWyJwIiwidGh1bWIiLCIxMTQweDEwODAiXV0/4adca55cca47d4b0/banner.jpg 304
I, [2016-05-27T22:10:45.136841 #2779]  INFO -- : DRAGONFLY: GET /steam/dynamic/W1siZmYiLCIvaG9tZS9jbW8vY21vX2JpcnMvcHVibGljL2ltYWdlcy9iYW5uZXI0LmpwZyJdLFsicCIsInRodW1iIiwiMTE0MHgxMDgwIl1d/b0558ff2befcc02b/banner4.jpg 304
